<?xml version="1.0" encoding="UTF-8"?>
<testsuite name="timecurvemanager.TimecurveObjectControllerTests" tests="1" skipped="0" failures="0" errors="0" timestamp="2019-06-24T19:58:46" hostname="CHRIS-SURFACE" time="0.08">
  <properties/>
  <testcase name="givenNothingGetAllObjects" classname="timecurvemanager.TimecurveObjectControllerTests" time="0.08"/>
  <system-out><![CDATA[2019-06-24 21:58:46.314  INFO 2268 --- [    Test worker] .b.t.c.SpringBootTestContextBootstrapper : Neither @ContextConfiguration nor @ContextHierarchy found for test class [timecurvemanager.TimecurveObjectControllerTests], using SpringBootContextLoader
2019-06-24 21:58:46.318  INFO 2268 --- [    Test worker] o.s.t.c.support.AbstractContextLoader    : Could not detect default resource locations for test class [timecurvemanager.TimecurveObjectControllerTests]: no resource found for suffixes {-context.xml, Context.groovy}.
2019-06-24 21:58:46.320  INFO 2268 --- [    Test worker] t.c.s.AnnotationConfigContextLoaderUtils : Could not detect default configuration classes for test class [timecurvemanager.TimecurveObjectControllerTests]: TimecurveObjectControllerTests does not declare any static, non-private, non-final, nested classes annotated with @Configuration.
2019-06-24 21:58:46.326  INFO 2268 --- [    Test worker] .b.t.c.SpringBootTestContextBootstrapper : Found @SpringBootConfiguration timecurvemanager.TimecurveManagerApplication for test class timecurvemanager.TimecurveObjectControllerTests
2019-06-24 21:58:46.334  INFO 2268 --- [    Test worker] .b.t.c.SpringBootTestContextBootstrapper : Loaded default TestExecutionListener class names from location [META-INF/spring.factories]: [org.springframework.boot.test.autoconfigure.restdocs.RestDocsTestExecutionListener, org.springframework.boot.test.autoconfigure.web.client.MockRestServiceServerResetTestExecutionListener, org.springframework.boot.test.autoconfigure.web.servlet.MockMvcPrintOnlyOnFailureTestExecutionListener, org.springframework.boot.test.autoconfigure.web.servlet.WebDriverTestExecutionListener, org.springframework.boot.test.mock.mockito.MockitoTestExecutionListener, org.springframework.boot.test.mock.mockito.ResetMocksTestExecutionListener, org.springframework.test.context.web.ServletTestExecutionListener, org.springframework.test.context.support.DirtiesContextBeforeModesTestExecutionListener, org.springframework.test.context.support.DependencyInjectionTestExecutionListener, org.springframework.test.context.support.DirtiesContextTestExecutionListener, org.springframework.test.context.transaction.TransactionalTestExecutionListener, org.springframework.test.context.jdbc.SqlScriptsTestExecutionListener]
2019-06-24 21:58:46.336  INFO 2268 --- [    Test worker] .b.t.c.SpringBootTestContextBootstrapper : Using TestExecutionListeners: [org.springframework.test.context.web.ServletTestExecutionListener@37da1af9, org.springframework.test.context.support.DirtiesContextBeforeModesTestExecutionListener@7e7c32cc, org.springframework.boot.test.mock.mockito.MockitoTestExecutionListener@319ea45d, org.springframework.boot.test.autoconfigure.SpringBootDependencyInjectionTestExecutionListener@73a57e69, org.springframework.test.context.support.DirtiesContextTestExecutionListener@14cfbf36, org.springframework.test.context.transaction.TransactionalTestExecutionListener@b3a1531, org.springframework.test.context.jdbc.SqlScriptsTestExecutionListener@4fc2f447, org.springframework.boot.test.autoconfigure.restdocs.RestDocsTestExecutionListener@174c8de0, org.springframework.boot.test.autoconfigure.web.client.MockRestServiceServerResetTestExecutionListener@7e93b630, org.springframework.boot.test.autoconfigure.web.servlet.MockMvcPrintOnlyOnFailureTestExecutionListener@255ba74e, org.springframework.boot.test.autoconfigure.web.servlet.WebDriverTestExecutionListener@7de31f6e, org.springframework.boot.test.mock.mockito.ResetMocksTestExecutionListener@eb3bebf]
]]></system-out>
  <system-err><![CDATA[]]></system-err>
</testsuite>
