<?xml version="1.0" encoding="UTF-8"?>
<testsuite name="timecurvemanager.TimecurveObjectControllerTests" tests="1" skipped="0" failures="0" errors="0" timestamp="2019-06-29T10:13:17" hostname="CHRIS-SURFACE" time="0.042">
  <properties/>
  <testcase name="givenNothingGetAllObjects" classname="timecurvemanager.TimecurveObjectControllerTests" time="0.042"/>
  <system-out><![CDATA[2019-06-29 12:13:17.305  INFO 324 --- [    Test worker] .b.t.c.SpringBootTestContextBootstrapper : Neither @ContextConfiguration nor @ContextHierarchy found for test class [timecurvemanager.TimecurveObjectControllerTests], using SpringBootContextLoader
2019-06-29 12:13:17.305  INFO 324 --- [    Test worker] o.s.t.c.support.AbstractContextLoader    : Could not detect default resource locations for test class [timecurvemanager.TimecurveObjectControllerTests]: no resource found for suffixes {-context.xml, Context.groovy}.
2019-06-29 12:13:17.313  INFO 324 --- [    Test worker] t.c.s.AnnotationConfigContextLoaderUtils : Could not detect default configuration classes for test class [timecurvemanager.TimecurveObjectControllerTests]: TimecurveObjectControllerTests does not declare any static, non-private, non-final, nested classes annotated with @Configuration.
2019-06-29 12:13:17.321  INFO 324 --- [    Test worker] .b.t.c.SpringBootTestContextBootstrapper : Found @SpringBootConfiguration timecurvemanager.TimecurveManagerApplication for test class timecurvemanager.TimecurveObjectControllerTests
2019-06-29 12:13:17.329  INFO 324 --- [    Test worker] .b.t.c.SpringBootTestContextBootstrapper : Loaded default TestExecutionListener class names from location [META-INF/spring.factories]: [org.springframework.boot.test.autoconfigure.restdocs.RestDocsTestExecutionListener, org.springframework.boot.test.autoconfigure.web.client.MockRestServiceServerResetTestExecutionListener, org.springframework.boot.test.autoconfigure.web.servlet.MockMvcPrintOnlyOnFailureTestExecutionListener, org.springframework.boot.test.autoconfigure.web.servlet.WebDriverTestExecutionListener, org.springframework.boot.test.mock.mockito.MockitoTestExecutionListener, org.springframework.boot.test.mock.mockito.ResetMocksTestExecutionListener, org.springframework.test.context.web.ServletTestExecutionListener, org.springframework.test.context.support.DirtiesContextBeforeModesTestExecutionListener, org.springframework.test.context.support.DependencyInjectionTestExecutionListener, org.springframework.test.context.support.DirtiesContextTestExecutionListener, org.springframework.test.context.transaction.TransactionalTestExecutionListener, org.springframework.test.context.jdbc.SqlScriptsTestExecutionListener]
2019-06-29 12:13:17.337  INFO 324 --- [    Test worker] .b.t.c.SpringBootTestContextBootstrapper : Using TestExecutionListeners: [org.springframework.test.context.web.ServletTestExecutionListener@43fe7da9, org.springframework.test.context.support.DirtiesContextBeforeModesTestExecutionListener@5ce5485b, org.springframework.boot.test.mock.mockito.MockitoTestExecutionListener@3d82928c, org.springframework.boot.test.autoconfigure.SpringBootDependencyInjectionTestExecutionListener@26e8cf6a, org.springframework.test.context.support.DirtiesContextTestExecutionListener@164bed2b, org.springframework.test.context.transaction.TransactionalTestExecutionListener@601ac829, org.springframework.test.context.jdbc.SqlScriptsTestExecutionListener@49a52054, org.springframework.boot.test.autoconfigure.restdocs.RestDocsTestExecutionListener@29563595, org.springframework.boot.test.autoconfigure.web.client.MockRestServiceServerResetTestExecutionListener@60bdb721, org.springframework.boot.test.autoconfigure.web.servlet.MockMvcPrintOnlyOnFailureTestExecutionListener@5650609f, org.springframework.boot.test.autoconfigure.web.servlet.WebDriverTestExecutionListener@36175d81, org.springframework.boot.test.mock.mockito.ResetMocksTestExecutionListener@2ef53c4b]
]]></system-out>
  <system-err><![CDATA[]]></system-err>
</testsuite>
