<?xml version="1.0" encoding="UTF-8"?>
<testsuite name="timecurvemanager.TimecurveEntityTests" tests="2" skipped="0" failures="0" errors="0" timestamp="2019-07-25T11:31:06" hostname="CHRIS-SURFACE" time="0.008">
  <properties/>
  <testcase name="shouldFindTimecurveEntity" classname="timecurvemanager.TimecurveEntityTests" time="0.003"/>
  <testcase name="shouldInsertTimecurveEntity" classname="timecurvemanager.TimecurveEntityTests" time="0.001"/>
  <system-out><![CDATA[]]></system-out>
  <system-err><![CDATA[]]></system-err>
</testsuite>
