<?xml version="1.0" encoding="UTF-8"?>
<testsuite name="timecurvemanager.EventEntitryTests" tests="2" skipped="0" failures="0" errors="0" timestamp="2019-06-12T06:22:06" hostname="CHRIS-SURFACE" time="0.012">
  <properties/>
  <testcase name="shouldFindEventEntityList" classname="timecurvemanager.EventEntitryTests" time="0.009"/>
  <testcase name="shouldInsertEventEntity" classname="timecurvemanager.EventEntitryTests" time="0.002"/>
  <system-out><![CDATA[]]></system-out>
  <system-err><![CDATA[]]></system-err>
</testsuite>
