<?xml version="1.0" encoding="UTF-8"?>
<testsuite name="timecurvemanager.EventEntitryTests" tests="2" skipped="0" failures="0" errors="0" timestamp="2019-07-15T04:21:56" hostname="CHRIS-SURFACE" time="0.012">
  <properties/>
  <testcase name="shouldFindEventEntityList" classname="timecurvemanager.EventEntitryTests" time="0.005"/>
  <testcase name="shouldInsertEventEntity" classname="timecurvemanager.EventEntitryTests" time="0.006"/>
  <system-out><![CDATA[]]></system-out>
  <system-err><![CDATA[]]></system-err>
</testsuite>
