<?xml version="1.0" encoding="UTF-8"?>
<testsuite name="timecurvemanager.ApprovedBalanceEntityTest" tests="2" skipped="0" failures="0" errors="0" timestamp="2019-06-29T10:12:49" hostname="CHRIS-SURFACE" time="0.178">
  <properties/>
  <testcase name="shouldInsertEventItemEntity" classname="timecurvemanager.ApprovedBalanceEntityTest" time="0.165"/>
  <testcase name="shouldFindApprovedBalanceEntity" classname="timecurvemanager.ApprovedBalanceEntityTest" time="0.012"/>
  <system-out><![CDATA[]]></system-out>
  <system-err><![CDATA[]]></system-err>
</testsuite>
