<?xml version="1.0" encoding="UTF-8"?>
<testsuite name="timecurvemanager.TimecurveObjectIntegrationTests" tests="2" skipped="0" failures="0" errors="0" timestamp="2019-07-15T04:21:56" hostname="CHRIS-SURFACE" time="0.177">
  <properties/>
  <testcase name="givenTimecurvesGetAll" classname="timecurvemanager.TimecurveObjectIntegrationTests" time="0.086"/>
  <testcase name="givenTimecurveFindByNameAndLabel" classname="timecurvemanager.TimecurveObjectIntegrationTests" time="0.09"/>
  <system-out><![CDATA[2019-07-15 06:21:56.872  INFO 3672 --- [    Test worker] .b.t.c.SpringBootTestContextBootstrapper : Neither @ContextConfiguration nor @ContextHierarchy found for test class [timecurvemanager.TimecurveObjectIntegrationTests], using SpringBootContextLoader
2019-07-15 06:21:56.872  INFO 3672 --- [    Test worker] o.s.t.c.support.AbstractContextLoader    : Could not detect default resource locations for test class [timecurvemanager.TimecurveObjectIntegrationTests]: no resource found for suffixes {-context.xml, Context.groovy}.
2019-07-15 06:21:56.872  INFO 3672 --- [    Test worker] t.c.s.AnnotationConfigContextLoaderUtils : Could not detect default configuration classes for test class [timecurvemanager.TimecurveObjectIntegrationTests]: TimecurveObjectIntegrationTests does not declare any static, non-private, non-final, nested classes annotated with @Configuration.
2019-07-15 06:21:56.872  INFO 3672 --- [    Test worker] .b.t.c.SpringBootTestContextBootstrapper : Found @SpringBootConfiguration timecurvemanager.TimecurveManagerApplication for test class timecurvemanager.TimecurveObjectIntegrationTests
2019-07-15 06:21:56.872  INFO 3672 --- [    Test worker] .b.t.c.SpringBootTestContextBootstrapper : Loaded default TestExecutionListener class names from location [META-INF/spring.factories]: [org.springframework.boot.test.autoconfigure.restdocs.RestDocsTestExecutionListener, org.springframework.boot.test.autoconfigure.web.client.MockRestServiceServerResetTestExecutionListener, org.springframework.boot.test.autoconfigure.web.servlet.MockMvcPrintOnlyOnFailureTestExecutionListener, org.springframework.boot.test.autoconfigure.web.servlet.WebDriverTestExecutionListener, org.springframework.boot.test.mock.mockito.MockitoTestExecutionListener, org.springframework.boot.test.mock.mockito.ResetMocksTestExecutionListener, org.springframework.test.context.web.ServletTestExecutionListener, org.springframework.test.context.support.DirtiesContextBeforeModesTestExecutionListener, org.springframework.test.context.support.DependencyInjectionTestExecutionListener, org.springframework.test.context.support.DirtiesContextTestExecutionListener, org.springframework.test.context.transaction.TransactionalTestExecutionListener, org.springframework.test.context.jdbc.SqlScriptsTestExecutionListener]
2019-07-15 06:21:56.872  INFO 3672 --- [    Test worker] .b.t.c.SpringBootTestContextBootstrapper : Using TestExecutionListeners: [org.springframework.test.context.web.ServletTestExecutionListener@13b85f3f, org.springframework.test.context.support.DirtiesContextBeforeModesTestExecutionListener@295e1efb, org.springframework.boot.test.mock.mockito.MockitoTestExecutionListener@42c58e22, org.springframework.boot.test.autoconfigure.SpringBootDependencyInjectionTestExecutionListener@63019042, org.springframework.test.context.support.DirtiesContextTestExecutionListener@32117aba, org.springframework.test.context.transaction.TransactionalTestExecutionListener@6be113c5, org.springframework.test.context.jdbc.SqlScriptsTestExecutionListener@5bb3405, org.springframework.boot.test.autoconfigure.restdocs.RestDocsTestExecutionListener@6a572770, org.springframework.boot.test.autoconfigure.web.client.MockRestServiceServerResetTestExecutionListener@532a542a, org.springframework.boot.test.autoconfigure.web.servlet.MockMvcPrintOnlyOnFailureTestExecutionListener@30361ab1, org.springframework.boot.test.autoconfigure.web.servlet.WebDriverTestExecutionListener@6c711bae, org.springframework.boot.test.mock.mockito.ResetMocksTestExecutionListener@3f4eddf7]
]]></system-out>
  <system-err><![CDATA[]]></system-err>
</testsuite>
