<?xml version="1.0" encoding="UTF-8"?>
<testsuite name="timecurvemanager.TimecurveObjectIntegrationTests" tests="2" skipped="0" failures="0" errors="0" timestamp="2019-06-17T19:26:05" hostname="CHRIS-SURFACE" time="0.361">
  <properties/>
  <testcase name="givenTimecurvesGetAll" classname="timecurvemanager.TimecurveObjectIntegrationTests" time="0.302"/>
  <testcase name="givenTimecurveFindByNameAndLabel" classname="timecurvemanager.TimecurveObjectIntegrationTests" time="0.057"/>
  <system-out><![CDATA[21:25:52.665 [Test worker] DEBUG org.springframework.test.context.junit4.SpringJUnit4ClassRunner - SpringJUnit4ClassRunner constructor called with [class timecurvemanager.TimecurveObjectIntegrationTests]
21:25:52.678 [Test worker] DEBUG org.springframework.test.context.BootstrapUtils - Instantiating CacheAwareContextLoaderDelegate from class [org.springframework.test.context.cache.DefaultCacheAwareContextLoaderDelegate]
21:25:52.690 [Test worker] DEBUG org.springframework.test.context.BootstrapUtils - Instantiating BootstrapContext using constructor [public org.springframework.test.context.support.DefaultBootstrapContext(java.lang.Class,org.springframework.test.context.CacheAwareContextLoaderDelegate)]
21:25:52.726 [Test worker] DEBUG org.springframework.test.context.BootstrapUtils - Instantiating TestContextBootstrapper for test class [timecurvemanager.TimecurveObjectIntegrationTests] from class [org.springframework.boot.test.context.SpringBootTestContextBootstrapper]
21:25:52.741 [Test worker] INFO org.springframework.boot.test.context.SpringBootTestContextBootstrapper - Neither @ContextConfiguration nor @ContextHierarchy found for test class [timecurvemanager.TimecurveObjectIntegrationTests], using SpringBootContextLoader
21:25:52.746 [Test worker] DEBUG org.springframework.test.context.support.AbstractContextLoader - Did not detect default resource location for test class [timecurvemanager.TimecurveObjectIntegrationTests]: class path resource [timecurvemanager/TimecurveObjectIntegrationTests-context.xml] does not exist
21:25:52.747 [Test worker] DEBUG org.springframework.test.context.support.AbstractContextLoader - Did not detect default resource location for test class [timecurvemanager.TimecurveObjectIntegrationTests]: class path resource [timecurvemanager/TimecurveObjectIntegrationTestsContext.groovy] does not exist
21:25:52.748 [Test worker] INFO org.springframework.test.context.support.AbstractContextLoader - Could not detect default resource locations for test class [timecurvemanager.TimecurveObjectIntegrationTests]: no resource found for suffixes {-context.xml, Context.groovy}.
21:25:52.749 [Test worker] INFO org.springframework.test.context.support.AnnotationConfigContextLoaderUtils - Could not detect default configuration classes for test class [timecurvemanager.TimecurveObjectIntegrationTests]: TimecurveObjectIntegrationTests does not declare any static, non-private, non-final, nested classes annotated with @Configuration.
21:25:52.867 [Test worker] DEBUG org.springframework.test.context.support.ActiveProfilesUtils - Could not find an 'annotation declaring class' for annotation type [org.springframework.test.context.ActiveProfiles] and class [timecurvemanager.TimecurveObjectIntegrationTests]
21:25:52.992 [Test worker] DEBUG org.springframework.context.annotation.ClassPathScanningCandidateComponentProvider - Identified candidate component class: file [C:\dev\timecurve\manager\build\classes\java\main\timecurvemanager\TimecurveManagerApplication.class]
21:25:52.995 [Test worker] INFO org.springframework.boot.test.context.SpringBootTestContextBootstrapper - Found @SpringBootConfiguration timecurvemanager.TimecurveManagerApplication for test class timecurvemanager.TimecurveObjectIntegrationTests
21:25:53.158 [Test worker] DEBUG org.springframework.boot.test.context.SpringBootTestContextBootstrapper - @TestExecutionListeners is not present for class [timecurvemanager.TimecurveObjectIntegrationTests]: using defaults.
21:25:53.161 [Test worker] INFO org.springframework.boot.test.context.SpringBootTestContextBootstrapper - Loaded default TestExecutionListener class names from location [META-INF/spring.factories]: [org.springframework.boot.test.autoconfigure.restdocs.RestDocsTestExecutionListener, org.springframework.boot.test.autoconfigure.web.client.MockRestServiceServerResetTestExecutionListener, org.springframework.boot.test.autoconfigure.web.servlet.MockMvcPrintOnlyOnFailureTestExecutionListener, org.springframework.boot.test.autoconfigure.web.servlet.WebDriverTestExecutionListener, org.springframework.boot.test.mock.mockito.MockitoTestExecutionListener, org.springframework.boot.test.mock.mockito.ResetMocksTestExecutionListener, org.springframework.test.context.web.ServletTestExecutionListener, org.springframework.test.context.support.DirtiesContextBeforeModesTestExecutionListener, org.springframework.test.context.support.DependencyInjectionTestExecutionListener, org.springframework.test.context.support.DirtiesContextTestExecutionListener, org.springframework.test.context.transaction.TransactionalTestExecutionListener, org.springframework.test.context.jdbc.SqlScriptsTestExecutionListener]
21:25:53.203 [Test worker] INFO org.springframework.boot.test.context.SpringBootTestContextBootstrapper - Using TestExecutionListeners: [org.springframework.test.context.web.ServletTestExecutionListener@2bdcc95b, org.springframework.test.context.support.DirtiesContextBeforeModesTestExecutionListener@41db07a4, org.springframework.boot.test.mock.mockito.MockitoTestExecutionListener@7c2d49d3, org.springframework.boot.test.autoconfigure.SpringBootDependencyInjectionTestExecutionListener@708c3a44, org.springframework.test.context.support.DirtiesContextTestExecutionListener@3d57a31f, org.springframework.test.context.transaction.TransactionalTestExecutionListener@24287536, org.springframework.test.context.jdbc.SqlScriptsTestExecutionListener@325dc3b1, org.springframework.boot.test.autoconfigure.restdocs.RestDocsTestExecutionListener@239281a4, org.springframework.boot.test.autoconfigure.web.client.MockRestServiceServerResetTestExecutionListener@23dd8192, org.springframework.boot.test.autoconfigure.web.servlet.MockMvcPrintOnlyOnFailureTestExecutionListener@443bd11a, org.springframework.boot.test.autoconfigure.web.servlet.WebDriverTestExecutionListener@18a7c267, org.springframework.boot.test.mock.mockito.ResetMocksTestExecutionListener@2f0fff76]
21:25:53.207 [Test worker] DEBUG org.springframework.test.annotation.ProfileValueUtils - Retrieved @ProfileValueSourceConfiguration [null] for test class [timecurvemanager.TimecurveObjectIntegrationTests]
21:25:53.208 [Test worker] DEBUG org.springframework.test.annotation.ProfileValueUtils - Retrieved ProfileValueSource type [class org.springframework.test.annotation.SystemProfileValueSource] for class [timecurvemanager.TimecurveObjectIntegrationTests]
21:25:53.209 [Test worker] DEBUG org.springframework.test.annotation.ProfileValueUtils - Retrieved @ProfileValueSourceConfiguration [null] for test class [timecurvemanager.TimecurveObjectIntegrationTests]
21:25:53.209 [Test worker] DEBUG org.springframework.test.annotation.ProfileValueUtils - Retrieved ProfileValueSource type [class org.springframework.test.annotation.SystemProfileValueSource] for class [timecurvemanager.TimecurveObjectIntegrationTests]
21:25:53.218 [Test worker] DEBUG org.springframework.test.context.support.AbstractDirtiesContextTestExecutionListener - Before test class: context [DefaultTestContext@15c0405e testClass = TimecurveObjectIntegrationTests, testInstance = [null], testMethod = [null], testException = [null], mergedContextConfiguration = [WebMergedContextConfiguration@67ac02e3 testClass = TimecurveObjectIntegrationTests, locations = '{}', classes = '{class timecurvemanager.TimecurveManagerApplication}', contextInitializerClasses = '[]', activeProfiles = '{}', propertySourceLocations = '{}', propertySourceProperties = '{org.springframework.boot.test.context.SpringBootTestContextBootstrapper=true}', contextCustomizers = set[org.springframework.boot.test.autoconfigure.properties.PropertyMappingContextCustomizer@e7e8512, org.springframework.boot.test.autoconfigure.web.servlet.WebDriverContextCustomizerFactory$Customizer@4bb5f98a, [ImportsContextCustomizer@200a871a key = [org.springframework.boot.test.autoconfigure.web.servlet.MockMvcAutoConfiguration, org.springframework.boot.test.autoconfigure.web.servlet.MockMvcSecurityAutoConfiguration, org.springframework.boot.test.autoconfigure.web.servlet.MockMvcWebClientAutoConfiguration, org.springframework.boot.test.autoconfigure.web.servlet.MockMvcWebDriverAutoConfiguration]], org.springframework.boot.test.context.filter.ExcludeFilterContextCustomizer@67f0308, org.springframework.boot.test.json.DuplicateJsonObjectContextCustomizerFactory$DuplicateJsonObjectContextCustomizer@1eb5675d, org.springframework.boot.test.mock.mockito.MockitoContextCustomizer@0, org.springframework.boot.test.web.client.TestRestTemplateContextCustomizer@70a5dffe], resourceBasePath = 'src/main/webapp', contextLoader = 'org.springframework.boot.test.context.SpringBootContextLoader', parent = [null]], attributes = map['org.springframework.test.context.web.ServletTestExecutionListener.activateListener' -> true]], class annotated with @DirtiesContext [false] with mode [null].
21:25:53.219 [Test worker] DEBUG org.springframework.test.annotation.ProfileValueUtils - Retrieved @ProfileValueSourceConfiguration [null] for test class [timecurvemanager.TimecurveObjectIntegrationTests]
21:25:53.219 [Test worker] DEBUG org.springframework.test.annotation.ProfileValueUtils - Retrieved ProfileValueSource type [class org.springframework.test.annotation.SystemProfileValueSource] for class [timecurvemanager.TimecurveObjectIntegrationTests]
21:25:53.255 [Test worker] DEBUG org.springframework.test.context.support.TestPropertySourceUtils - Adding inlined properties to environment: {spring.jmx.enabled=false, org.springframework.boot.test.context.SpringBootTestContextBootstrapper=true, server.port=-1}

  .   ____          _            __ _ _
 /\\ / ___'_ __ _ _(_)_ __  __ _ \ \ \ \
( ( )\___ | '_ | '_| | '_ \/ _` | \ \ \ \
 \\/  ___)| |_)| | | | | || (_| |  ) ) ) )
  '  |____| .__|_| |_|_| |_\__, | / / / /
 =========|_|==============|___/=/_/_/_/
 :: Spring Boot ::        (v2.1.5.RELEASE)

2019-06-17 21:25:54.038  INFO 3184 --- [    Test worker] t.TimecurveObjectIntegrationTests        : Starting TimecurveObjectIntegrationTests on CHRIS-SURFACE with PID 3184 (started by chris in C:\dev\timecurve\manager)
2019-06-17 21:25:54.041  INFO 3184 --- [    Test worker] t.TimecurveObjectIntegrationTests        : No active profile set, falling back to default profiles: default
2019-06-17 21:25:56.401  INFO 3184 --- [    Test worker] .s.d.r.c.RepositoryConfigurationDelegate : Bootstrapping Spring Data repositories in DEFAULT mode.
2019-06-17 21:25:56.636  INFO 3184 --- [    Test worker] .s.d.r.c.RepositoryConfigurationDelegate : Finished Spring Data repository scanning in 210ms. Found 5 repository interfaces.
2019-06-17 21:25:57.636  INFO 3184 --- [    Test worker] trationDelegate$BeanPostProcessorChecker : Bean 'org.springframework.transaction.annotation.ProxyTransactionManagementConfiguration' of type [org.springframework.transaction.annotation.ProxyTransactionManagementConfiguration$$EnhancerBySpringCGLIB$$903acaa6] is not eligible for getting processed by all BeanPostProcessors (for example: not eligible for auto-proxying)
2019-06-17 21:25:58.062  INFO 3184 --- [    Test worker] com.zaxxer.hikari.HikariDataSource       : HikariPool-1 - Starting...
2019-06-17 21:25:58.397  INFO 3184 --- [    Test worker] com.zaxxer.hikari.HikariDataSource       : HikariPool-1 - Start completed.
2019-06-17 21:25:58.589  INFO 3184 --- [    Test worker] o.hibernate.jpa.internal.util.LogHelper  : HHH000204: Processing PersistenceUnitInfo [
	name: default
	...]
2019-06-17 21:25:58.713  INFO 3184 --- [    Test worker] org.hibernate.Version                    : HHH000412: Hibernate Core {5.3.10.Final}
2019-06-17 21:25:58.718  INFO 3184 --- [    Test worker] org.hibernate.cfg.Environment            : HHH000206: hibernate.properties not found
2019-06-17 21:25:58.846  INFO 3184 --- [    Test worker] o.hibernate.annotations.common.Version   : HCANN000001: Hibernate Commons Annotations {5.0.4.Final}
2019-06-17 21:25:59.193  INFO 3184 --- [    Test worker] org.hibernate.dialect.Dialect            : HHH000400: Using dialect: org.hibernate.dialect.H2Dialect
2019-06-17 21:26:00.608  INFO 3184 --- [    Test worker] o.h.t.schema.internal.SchemaCreatorImpl  : HHH000476: Executing import script 'org.hibernate.tool.schema.internal.exec.ScriptSourceInputNonExistentImpl@5dcfb2d5'
2019-06-17 21:26:00.612  INFO 3184 --- [    Test worker] j.LocalContainerEntityManagerFactoryBean : Initialized JPA EntityManagerFactory for persistence unit 'default'
2019-06-17 21:26:03.480  INFO 3184 --- [    Test worker] o.s.s.concurrent.ThreadPoolTaskExecutor  : Initializing ExecutorService 'applicationTaskExecutor'
2019-06-17 21:26:03.610  WARN 3184 --- [    Test worker] aWebConfiguration$JpaWebMvcConfiguration : spring.jpa.open-in-view is enabled by default. Therefore, database queries may be performed during view rendering. Explicitly configure spring.jpa.open-in-view to disable this warning
2019-06-17 21:26:05.134  INFO 3184 --- [    Test worker] o.s.b.t.m.w.SpringBootMockServletContext : Initializing Spring TestDispatcherServlet ''
2019-06-17 21:26:05.135  INFO 3184 --- [    Test worker] o.s.t.web.servlet.TestDispatcherServlet  : Initializing Servlet ''
2019-06-17 21:26:05.175  INFO 3184 --- [    Test worker] o.s.b.a.e.web.EndpointLinksResolver      : Exposing 2 endpoint(s) beneath base path '/actuator'
2019-06-17 21:26:05.253  INFO 3184 --- [    Test worker] o.s.t.web.servlet.TestDispatcherServlet  : Completed initialization in 118 ms
2019-06-17 21:26:05.375  INFO 3184 --- [    Test worker] t.TimecurveObjectIntegrationTests        : Started TimecurveObjectIntegrationTests in 12.098 seconds (JVM running for 15.533)
2019-06-17 21:26:05.499  INFO 3184 --- [    Test worker] t.TimecurveManagerApplication            : Timecurves found with findAll():
2019-06-17 21:26:05.500  INFO 3184 --- [    Test worker] t.TimecurveManagerApplication            : -------------------------------
2019-06-17 21:26:05.539  INFO 3184 --- [    Test worker] o.h.h.i.QueryTranslatorFactoryInitiator  : HHH000397: Using ASTQueryTranslatorFactory
2019-06-17 21:26:05.798  INFO 3184 --- [    Test worker] t.TimecurveManagerApplication            : TimecurveObject(id=1, tenantId=AAA, tag=share1chf, name=Share 1 CHF, valueType=SECURITY, valueTag=CHF, clearingReference=null, needBalanceApproval=false)
2019-06-17 21:26:05.798  INFO 3184 --- [    Test worker] t.TimecurveManagerApplication            : TimecurveObject(id=2, tenantId=AAA, tag=share2eur, name=Share 2 EUR, valueType=SECURITY, valueTag=CHF, clearingReference=null, needBalanceApproval=false)
2019-06-17 21:26:05.799  INFO 3184 --- [    Test worker] t.TimecurveManagerApplication            : TimecurveObject(id=3, tenantId=AAA, tag=bond1chf, name=Bond 1 CHF, valueType=CURRENCY, valueTag=CHF, clearingReference=null, needBalanceApproval=true)
2019-06-17 21:26:05.800  INFO 3184 --- [    Test worker] t.TimecurveManagerApplication            : TimecurveObject(id=4, tenantId=AAA, tag=macc1eur, name=Money Account 1 CHF, valueType=CURRENCY, valueTag=CHF, clearingReference=CHF, needBalanceApproval=true)
2019-06-17 21:26:05.800  INFO 3184 --- [    Test worker] t.TimecurveManagerApplication            : TimecurveObject(id=5, tenantId=AAA, tag=macc2chf, name=Money Account 2 CHF, valueType=CURRENCY, valueTag=CHF, clearingReference=CHF, needBalanceApproval=true)
2019-06-17 21:26:05.801  INFO 3184 --- [    Test worker] t.TimecurveManagerApplication            : 
2019-06-17 21:26:05.814  INFO 3184 --- [    Test worker] t.TimecurveManagerApplication            : TimecurveObject found with findById(1L):
2019-06-17 21:26:05.814  INFO 3184 --- [    Test worker] t.TimecurveManagerApplication            : --------------------------------
2019-06-17 21:26:05.815  INFO 3184 --- [    Test worker] t.TimecurveManagerApplication            : TimecurveObject(id=1, tenantId=AAA, tag=share1chf, name=Share 1 CHF, valueType=SECURITY, valueTag=CHF, clearingReference=null, needBalanceApproval=false)
2019-06-17 21:26:05.816  INFO 3184 --- [    Test worker] t.TimecurveManagerApplication            : 
2019-06-17 21:26:05.816  INFO 3184 --- [    Test worker] t.TimecurveManagerApplication            : TimecurveObject found with findByName('Share 1 CHF'):
2019-06-17 21:26:05.817  INFO 3184 --- [    Test worker] t.TimecurveManagerApplication            : --------------------------------------------
2019-06-17 21:26:05.872  INFO 3184 --- [    Test worker] t.TimecurveManagerApplication            : TimecurveObject(id=1, tenantId=AAA, tag=share1chf, name=Share 1 CHF, valueType=SECURITY, valueTag=CHF, clearingReference=null, needBalanceApproval=false)
2019-06-17 21:26:05.880  INFO 3184 --- [    Test worker] t.TimecurveManagerApplication            : 
2019-06-17 21:26:05.884  INFO 3184 --- [    Test worker] t.TimecurveManagerApplication            : object id: 6
2019-06-17 21:26:05.917  INFO 3184 --- [    Test worker] t.TimecurveManagerApplication            : event id: 7
2019-06-17 21:26:05.955  INFO 3184 --- [    Test worker] o.s.b.t.m.w.SpringBootMockServletContext : Initializing Spring TestDispatcherServlet ''
2019-06-17 21:26:05.956  INFO 3184 --- [    Test worker] o.s.t.web.servlet.TestDispatcherServlet  : Initializing Servlet ''
2019-06-17 21:26:05.961  INFO 3184 --- [    Test worker] o.s.t.web.servlet.TestDispatcherServlet  : Completed initialization in 4 ms
2019-06-17 21:26:06.254  INFO 3184 --- [    Test worker] o.s.b.t.m.w.SpringBootMockServletContext : Initializing Spring TestDispatcherServlet ''
2019-06-17 21:26:06.254  INFO 3184 --- [    Test worker] o.s.t.web.servlet.TestDispatcherServlet  : Initializing Servlet ''
2019-06-17 21:26:06.261  INFO 3184 --- [    Test worker] o.s.t.web.servlet.TestDispatcherServlet  : Completed initialization in 7 ms
]]></system-out>
  <system-err><![CDATA[]]></system-err>
</testsuite>
