<?xml version="1.0" encoding="UTF-8"?>
<testsuite name="timecurvemanager.TimecurveObjectEntityTests" tests="2" skipped="0" failures="0" errors="0" timestamp="2019-06-17T19:25:52" hostname="CHRIS-SURFACE" time="0.006">
  <properties/>
  <testcase name="shouldFindTimecurveEntity" classname="timecurvemanager.TimecurveObjectEntityTests" time="0.001"/>
  <testcase name="shouldInsertTimecurveEntity" classname="timecurvemanager.TimecurveObjectEntityTests" time="0.004"/>
  <system-out><![CDATA[]]></system-out>
  <system-err><![CDATA[]]></system-err>
</testsuite>
