<?xml version="1.0" encoding="UTF-8"?>
<testsuite name="timecurvemanager.TimecurveIntegrationTests" tests="2" skipped="0" failures="0" errors="0" timestamp="2019-09-20T04:48:09" hostname="CHRIS-SURFACE" time="0.358">
  <properties/>
  <testcase name="givenTimecurvesGetAll" classname="timecurvemanager.TimecurveIntegrationTests" time="0.252"/>
  <testcase name="givenTimecurveFindByNameAndLabel" classname="timecurvemanager.TimecurveIntegrationTests" time="0.104"/>
  <system-out><![CDATA[2019-09-20 06:48:09.347  INFO 11568 --- [    Test worker] .b.t.c.SpringBootTestContextBootstrapper : Neither @ContextConfiguration nor @ContextHierarchy found for test class [timecurvemanager.TimecurveIntegrationTests], using SpringBootContextLoader
2019-09-20 06:48:09.349  INFO 11568 --- [    Test worker] o.s.t.c.support.AbstractContextLoader    : Could not detect default resource locations for test class [timecurvemanager.TimecurveIntegrationTests]: no resource found for suffixes {-context.xml, Context.groovy}.
2019-09-20 06:48:09.350  INFO 11568 --- [    Test worker] t.c.s.AnnotationConfigContextLoaderUtils : Could not detect default configuration classes for test class [timecurvemanager.TimecurveIntegrationTests]: TimecurveIntegrationTests does not declare any static, non-private, non-final, nested classes annotated with @Configuration.
2019-09-20 06:48:09.356  INFO 11568 --- [    Test worker] .b.t.c.SpringBootTestContextBootstrapper : Found @SpringBootConfiguration timecurvemanager.TimecurveManagerApplication for test class timecurvemanager.TimecurveIntegrationTests
2019-09-20 06:48:09.360  INFO 11568 --- [    Test worker] .b.t.c.SpringBootTestContextBootstrapper : Loaded default TestExecutionListener class names from location [META-INF/spring.factories]: [org.springframework.boot.test.autoconfigure.restdocs.RestDocsTestExecutionListener, org.springframework.boot.test.autoconfigure.web.client.MockRestServiceServerResetTestExecutionListener, org.springframework.boot.test.autoconfigure.web.servlet.MockMvcPrintOnlyOnFailureTestExecutionListener, org.springframework.boot.test.autoconfigure.web.servlet.WebDriverTestExecutionListener, org.springframework.boot.test.mock.mockito.MockitoTestExecutionListener, org.springframework.boot.test.mock.mockito.ResetMocksTestExecutionListener, org.springframework.test.context.web.ServletTestExecutionListener, org.springframework.test.context.support.DirtiesContextBeforeModesTestExecutionListener, org.springframework.test.context.support.DependencyInjectionTestExecutionListener, org.springframework.test.context.support.DirtiesContextTestExecutionListener, org.springframework.test.context.transaction.TransactionalTestExecutionListener, org.springframework.test.context.jdbc.SqlScriptsTestExecutionListener]
2019-09-20 06:48:09.360  INFO 11568 --- [    Test worker] .b.t.c.SpringBootTestContextBootstrapper : Using TestExecutionListeners: [org.springframework.test.context.web.ServletTestExecutionListener@7caa9acd, org.springframework.test.context.support.DirtiesContextBeforeModesTestExecutionListener@68d5c449, org.springframework.boot.test.mock.mockito.MockitoTestExecutionListener@7f8f04f4, org.springframework.boot.test.autoconfigure.SpringBootDependencyInjectionTestExecutionListener@76490ce9, org.springframework.test.context.support.DirtiesContextTestExecutionListener@5e9d9c1f, org.springframework.test.context.transaction.TransactionalTestExecutionListener@18acec09, org.springframework.test.context.jdbc.SqlScriptsTestExecutionListener@1f03f34c, org.springframework.boot.test.autoconfigure.restdocs.RestDocsTestExecutionListener@21938a01, org.springframework.boot.test.autoconfigure.web.client.MockRestServiceServerResetTestExecutionListener@135c9748, org.springframework.boot.test.autoconfigure.web.servlet.MockMvcPrintOnlyOnFailureTestExecutionListener@6c6fed8e, org.springframework.boot.test.autoconfigure.web.servlet.WebDriverTestExecutionListener@6c76eadc, org.springframework.boot.test.mock.mockito.ResetMocksTestExecutionListener@5108b6d1]
]]></system-out>
  <system-err><![CDATA[]]></system-err>
</testsuite>
