<?xml version="1.0" encoding="UTF-8"?>
<testsuite name="timecurvemanager.TimecurveObjectEntityTests" tests="2" skipped="0" failures="0" errors="0" timestamp="2019-05-29T04:07:01" hostname="CHRIS-SURFACE" time="0.01">
  <properties/>
  <testcase name="shouldFindTimecurveEntity" classname="timecurvemanager.TimecurveObjectEntityTests" time="0.001"/>
  <testcase name="shouldInsertTimecurveEntity" classname="timecurvemanager.TimecurveObjectEntityTests" time="0.008"/>
  <system-out><![CDATA[]]></system-out>
  <system-err><![CDATA[]]></system-err>
</testsuite>
