<?xml version="1.0" encoding="UTF-8"?>
<testsuite name="timecurvemanager.EventControllerTests" tests="1" skipped="0" failures="0" errors="0" timestamp="2019-06-24T19:58:45" hostname="CHRIS-SURFACE" time="0.722">
  <properties/>
  <testcase name="givenDimensionGetAllEvents" classname="timecurvemanager.EventControllerTests" time="0.722"/>
  <system-out><![CDATA[21:58:11.785 [Test worker] DEBUG org.springframework.test.context.junit4.SpringJUnit4ClassRunner - SpringJUnit4ClassRunner constructor called with [class timecurvemanager.EventControllerTests]
21:58:11.800 [Test worker] DEBUG org.springframework.test.context.BootstrapUtils - Instantiating CacheAwareContextLoaderDelegate from class [org.springframework.test.context.cache.DefaultCacheAwareContextLoaderDelegate]
21:58:11.814 [Test worker] DEBUG org.springframework.test.context.BootstrapUtils - Instantiating BootstrapContext using constructor [public org.springframework.test.context.support.DefaultBootstrapContext(java.lang.Class,org.springframework.test.context.CacheAwareContextLoaderDelegate)]
21:58:11.884 [Test worker] DEBUG org.springframework.test.context.BootstrapUtils - Instantiating TestContextBootstrapper for test class [timecurvemanager.EventControllerTests] from class [org.springframework.boot.test.context.SpringBootTestContextBootstrapper]
21:58:11.910 [Test worker] INFO org.springframework.boot.test.context.SpringBootTestContextBootstrapper - Neither @ContextConfiguration nor @ContextHierarchy found for test class [timecurvemanager.EventControllerTests], using SpringBootContextLoader
21:58:11.917 [Test worker] DEBUG org.springframework.test.context.support.AbstractContextLoader - Did not detect default resource location for test class [timecurvemanager.EventControllerTests]: class path resource [timecurvemanager/EventControllerTests-context.xml] does not exist
21:58:11.918 [Test worker] DEBUG org.springframework.test.context.support.AbstractContextLoader - Did not detect default resource location for test class [timecurvemanager.EventControllerTests]: class path resource [timecurvemanager/EventControllerTestsContext.groovy] does not exist
21:58:11.919 [Test worker] INFO org.springframework.test.context.support.AbstractContextLoader - Could not detect default resource locations for test class [timecurvemanager.EventControllerTests]: no resource found for suffixes {-context.xml, Context.groovy}.
21:58:11.921 [Test worker] INFO org.springframework.test.context.support.AnnotationConfigContextLoaderUtils - Could not detect default configuration classes for test class [timecurvemanager.EventControllerTests]: EventControllerTests does not declare any static, non-private, non-final, nested classes annotated with @Configuration.
21:58:12.052 [Test worker] DEBUG org.springframework.test.context.support.ActiveProfilesUtils - Could not find an 'annotation declaring class' for annotation type [org.springframework.test.context.ActiveProfiles] and class [timecurvemanager.EventControllerTests]
21:58:12.250 [Test worker] DEBUG org.springframework.context.annotation.ClassPathScanningCandidateComponentProvider - Identified candidate component class: file [C:\dev\timecurve\manager\build\classes\java\main\timecurvemanager\TimecurveManagerApplication.class]
21:58:12.253 [Test worker] INFO org.springframework.boot.test.context.SpringBootTestContextBootstrapper - Found @SpringBootConfiguration timecurvemanager.TimecurveManagerApplication for test class timecurvemanager.EventControllerTests
21:58:12.485 [Test worker] DEBUG org.springframework.boot.test.context.SpringBootTestContextBootstrapper - @TestExecutionListeners is not present for class [timecurvemanager.EventControllerTests]: using defaults.
21:58:12.488 [Test worker] INFO org.springframework.boot.test.context.SpringBootTestContextBootstrapper - Loaded default TestExecutionListener class names from location [META-INF/spring.factories]: [org.springframework.boot.test.autoconfigure.restdocs.RestDocsTestExecutionListener, org.springframework.boot.test.autoconfigure.web.client.MockRestServiceServerResetTestExecutionListener, org.springframework.boot.test.autoconfigure.web.servlet.MockMvcPrintOnlyOnFailureTestExecutionListener, org.springframework.boot.test.autoconfigure.web.servlet.WebDriverTestExecutionListener, org.springframework.boot.test.mock.mockito.MockitoTestExecutionListener, org.springframework.boot.test.mock.mockito.ResetMocksTestExecutionListener, org.springframework.test.context.web.ServletTestExecutionListener, org.springframework.test.context.support.DirtiesContextBeforeModesTestExecutionListener, org.springframework.test.context.support.DependencyInjectionTestExecutionListener, org.springframework.test.context.support.DirtiesContextTestExecutionListener, org.springframework.test.context.transaction.TransactionalTestExecutionListener, org.springframework.test.context.jdbc.SqlScriptsTestExecutionListener]
21:58:12.549 [Test worker] INFO org.springframework.boot.test.context.SpringBootTestContextBootstrapper - Using TestExecutionListeners: [org.springframework.test.context.web.ServletTestExecutionListener@5a683514, org.springframework.test.context.support.DirtiesContextBeforeModesTestExecutionListener@50a69e51, org.springframework.boot.test.mock.mockito.MockitoTestExecutionListener@7b3a3711, org.springframework.boot.test.autoconfigure.SpringBootDependencyInjectionTestExecutionListener@2aadfb21, org.springframework.test.context.support.DirtiesContextTestExecutionListener@31f6abf5, org.springframework.test.context.transaction.TransactionalTestExecutionListener@55c6ff8c, org.springframework.test.context.jdbc.SqlScriptsTestExecutionListener@7feed89a, org.springframework.boot.test.autoconfigure.restdocs.RestDocsTestExecutionListener@3adf50b5, org.springframework.boot.test.autoconfigure.web.client.MockRestServiceServerResetTestExecutionListener@3e72fd18, org.springframework.boot.test.autoconfigure.web.servlet.MockMvcPrintOnlyOnFailureTestExecutionListener@5caa5fc5, org.springframework.boot.test.autoconfigure.web.servlet.WebDriverTestExecutionListener@558966c2, org.springframework.boot.test.mock.mockito.ResetMocksTestExecutionListener@1513de3e]
21:58:12.554 [Test worker] DEBUG org.springframework.test.annotation.ProfileValueUtils - Retrieved @ProfileValueSourceConfiguration [null] for test class [timecurvemanager.EventControllerTests]
21:58:12.555 [Test worker] DEBUG org.springframework.test.annotation.ProfileValueUtils - Retrieved ProfileValueSource type [class org.springframework.test.annotation.SystemProfileValueSource] for class [timecurvemanager.EventControllerTests]
21:58:12.556 [Test worker] DEBUG org.springframework.test.annotation.ProfileValueUtils - Retrieved @ProfileValueSourceConfiguration [null] for test class [timecurvemanager.EventControllerTests]
21:58:12.556 [Test worker] DEBUG org.springframework.test.annotation.ProfileValueUtils - Retrieved ProfileValueSource type [class org.springframework.test.annotation.SystemProfileValueSource] for class [timecurvemanager.EventControllerTests]
21:58:12.574 [Test worker] DEBUG org.springframework.test.context.support.AbstractDirtiesContextTestExecutionListener - Before test class: context [DefaultTestContext@7bfbf401 testClass = EventControllerTests, testInstance = [null], testMethod = [null], testException = [null], mergedContextConfiguration = [WebMergedContextConfiguration@13df6142 testClass = EventControllerTests, locations = '{}', classes = '{class timecurvemanager.TimecurveManagerApplication}', contextInitializerClasses = '[]', activeProfiles = '{}', propertySourceLocations = '{}', propertySourceProperties = '{org.springframework.boot.test.context.SpringBootTestContextBootstrapper=true}', contextCustomizers = set[org.springframework.boot.test.autoconfigure.properties.PropertyMappingContextCustomizer@e7e8512, org.springframework.boot.test.autoconfigure.web.servlet.WebDriverContextCustomizerFactory$Customizer@31a6a3c, [ImportsContextCustomizer@13ae4591 key = [org.springframework.boot.test.autoconfigure.web.servlet.MockMvcAutoConfiguration, org.springframework.boot.test.autoconfigure.web.servlet.MockMvcSecurityAutoConfiguration, org.springframework.boot.test.autoconfigure.web.servlet.MockMvcWebClientAutoConfiguration, org.springframework.boot.test.autoconfigure.web.servlet.MockMvcWebDriverAutoConfiguration]], org.springframework.boot.test.context.filter.ExcludeFilterContextCustomizer@418cc931, org.springframework.boot.test.json.DuplicateJsonObjectContextCustomizerFactory$DuplicateJsonObjectContextCustomizer@5452d812, org.springframework.boot.test.mock.mockito.MockitoContextCustomizer@0, org.springframework.boot.test.web.client.TestRestTemplateContextCustomizer@79cb6ec3], resourceBasePath = 'src/main/webapp', contextLoader = 'org.springframework.boot.test.context.SpringBootContextLoader', parent = [null]], attributes = map['org.springframework.test.context.web.ServletTestExecutionListener.activateListener' -> true]], class annotated with @DirtiesContext [false] with mode [null].
21:58:12.574 [Test worker] DEBUG org.springframework.test.annotation.ProfileValueUtils - Retrieved @ProfileValueSourceConfiguration [null] for test class [timecurvemanager.EventControllerTests]
21:58:12.575 [Test worker] DEBUG org.springframework.test.annotation.ProfileValueUtils - Retrieved ProfileValueSource type [class org.springframework.test.annotation.SystemProfileValueSource] for class [timecurvemanager.EventControllerTests]
21:58:12.624 [Test worker] DEBUG org.springframework.test.context.support.TestPropertySourceUtils - Adding inlined properties to environment: {spring.jmx.enabled=false, org.springframework.boot.test.context.SpringBootTestContextBootstrapper=true, server.port=-1}

  .   ____          _            __ _ _
 /\\ / ___'_ __ _ _(_)_ __  __ _ \ \ \ \
( ( )\___ | '_ | '_| | '_ \/ _` | \ \ \ \
 \\/  ___)| |_)| | | | | || (_| |  ) ) ) )
  '  |____| .__|_| |_|_| |_\__, | / / / /
 =========|_|==============|___/=/_/_/_/
 :: Spring Boot ::        (v2.1.5.RELEASE)

2019-06-24 21:58:13.644  INFO 2268 --- [    Test worker] timecurvemanager.EventControllerTests    : Starting EventControllerTests on CHRIS-SURFACE with PID 2268 (started by chris in C:\dev\timecurve\manager)
2019-06-24 21:58:13.648  INFO 2268 --- [    Test worker] timecurvemanager.EventControllerTests    : No active profile set, falling back to default profiles: default
2019-06-24 21:58:17.830  INFO 2268 --- [    Test worker] .s.d.r.c.RepositoryConfigurationDelegate : Bootstrapping Spring Data repositories in DEFAULT mode.
2019-06-24 21:58:18.144  INFO 2268 --- [    Test worker] .s.d.r.c.RepositoryConfigurationDelegate : Finished Spring Data repository scanning in 280ms. Found 5 repository interfaces.
2019-06-24 21:58:20.251  INFO 2268 --- [    Test worker] trationDelegate$BeanPostProcessorChecker : Bean 'org.springframework.transaction.annotation.ProxyTransactionManagementConfiguration' of type [org.springframework.transaction.annotation.ProxyTransactionManagementConfiguration$$EnhancerBySpringCGLIB$$94559650] is not eligible for getting processed by all BeanPostProcessors (for example: not eligible for auto-proxying)
2019-06-24 21:58:20.452  INFO 2268 --- [    Test worker] trationDelegate$BeanPostProcessorChecker : Bean 'org.springframework.hateoas.config.HateoasConfiguration' of type [org.springframework.hateoas.config.HateoasConfiguration$$EnhancerBySpringCGLIB$$13d5e382] is not eligible for getting processed by all BeanPostProcessors (for example: not eligible for auto-proxying)
2019-06-24 21:58:21.261  INFO 2268 --- [    Test worker] com.zaxxer.hikari.HikariDataSource       : HikariPool-1 - Starting...
2019-06-24 21:58:22.477  INFO 2268 --- [    Test worker] com.zaxxer.hikari.HikariDataSource       : HikariPool-1 - Start completed.
2019-06-24 21:58:23.178  INFO 2268 --- [    Test worker] o.hibernate.jpa.internal.util.LogHelper  : HHH000204: Processing PersistenceUnitInfo [
	name: default
	...]
2019-06-24 21:58:23.568  INFO 2268 --- [    Test worker] org.hibernate.Version                    : HHH000412: Hibernate Core {5.3.10.Final}
2019-06-24 21:58:23.575  INFO 2268 --- [    Test worker] org.hibernate.cfg.Environment            : HHH000206: hibernate.properties not found
2019-06-24 21:58:23.836  INFO 2268 --- [    Test worker] o.hibernate.annotations.common.Version   : HCANN000001: Hibernate Commons Annotations {5.0.4.Final}
2019-06-24 21:58:24.902  INFO 2268 --- [    Test worker] org.hibernate.dialect.Dialect            : HHH000400: Using dialect: org.hibernate.dialect.H2Dialect
2019-06-24 21:58:28.622  INFO 2268 --- [    Test worker] o.h.t.schema.internal.SchemaCreatorImpl  : HHH000476: Executing import script 'org.hibernate.tool.schema.internal.exec.ScriptSourceInputNonExistentImpl@51c788ce'
2019-06-24 21:58:28.642  INFO 2268 --- [    Test worker] j.LocalContainerEntityManagerFactoryBean : Initialized JPA EntityManagerFactory for persistence unit 'default'
2019-06-24 21:58:31.281  INFO 2268 --- [    Test worker] o.h.h.i.QueryTranslatorFactoryInitiator  : HHH000397: Using ASTQueryTranslatorFactory
2019-06-24 21:58:37.627  INFO 2268 --- [    Test worker] o.s.s.concurrent.ThreadPoolTaskExecutor  : Initializing ExecutorService 'applicationTaskExecutor'
2019-06-24 21:58:37.838  WARN 2268 --- [    Test worker] aWebConfiguration$JpaWebMvcConfiguration : spring.jpa.open-in-view is enabled by default. Therefore, database queries may be performed during view rendering. Explicitly configure spring.jpa.open-in-view to disable this warning
2019-06-24 21:58:42.874  INFO 2268 --- [    Test worker] o.s.b.t.m.w.SpringBootMockServletContext : Initializing Spring TestDispatcherServlet ''
2019-06-24 21:58:42.874  INFO 2268 --- [    Test worker] o.s.t.web.servlet.TestDispatcherServlet  : Initializing Servlet ''
2019-06-24 21:58:43.046  INFO 2268 --- [    Test worker] o.s.b.a.e.web.EndpointLinksResolver      : Exposing 2 endpoint(s) beneath base path '/actuator'
2019-06-24 21:58:43.369  INFO 2268 --- [    Test worker] o.s.t.web.servlet.TestDispatcherServlet  : Completed initialization in 477 ms
2019-06-24 21:58:43.694  INFO 2268 --- [    Test worker] timecurvemanager.EventControllerTests    : Started EventControllerTests in 31.044 seconds (JVM running for 35.27)
2019-06-24 21:58:44.327  INFO 2268 --- [    Test worker] t.TimecurveManagerApplication            : Timecurves found with findAll():
2019-06-24 21:58:44.328  INFO 2268 --- [    Test worker] t.TimecurveManagerApplication            : -------------------------------
2019-06-24 21:58:44.521  INFO 2268 --- [    Test worker] t.TimecurveManagerApplication            : TimecurveObject(id=1, tenantId=AAA, tag=share1chf, name=Share 1 CHF, valueType=SECURITY, valueTag=CHF, clearingReference=null, needBalanceApproval=false)
2019-06-24 21:58:44.522  INFO 2268 --- [    Test worker] t.TimecurveManagerApplication            : TimecurveObject(id=2, tenantId=AAA, tag=share2eur, name=Share 2 EUR, valueType=SECURITY, valueTag=CHF, clearingReference=null, needBalanceApproval=false)
2019-06-24 21:58:44.522  INFO 2268 --- [    Test worker] t.TimecurveManagerApplication            : TimecurveObject(id=3, tenantId=AAA, tag=bond1chf, name=Bond 1 CHF, valueType=CURRENCY, valueTag=CHF, clearingReference=null, needBalanceApproval=true)
2019-06-24 21:58:44.546  INFO 2268 --- [    Test worker] t.TimecurveManagerApplication            : TimecurveObject(id=4, tenantId=AAA, tag=macc1eur, name=Money Account 1 CHF, valueType=CURRENCY, valueTag=CHF, clearingReference=CHF, needBalanceApproval=true)
2019-06-24 21:58:44.548  INFO 2268 --- [    Test worker] t.TimecurveManagerApplication            : TimecurveObject(id=5, tenantId=AAA, tag=macc2chf, name=Money Account 2 CHF, valueType=CURRENCY, valueTag=CHF, clearingReference=CHF, needBalanceApproval=true)
2019-06-24 21:58:44.548  INFO 2268 --- [    Test worker] t.TimecurveManagerApplication            : 
2019-06-24 21:58:44.549  INFO 2268 --- [    Test worker] t.TimecurveManagerApplication            : TimecurveObject found with findById(1L):
2019-06-24 21:58:44.551  INFO 2268 --- [    Test worker] t.TimecurveManagerApplication            : --------------------------------
2019-06-24 21:58:44.578  INFO 2268 --- [    Test worker] t.TimecurveManagerApplication            : TimecurveObject(id=1, tenantId=AAA, tag=share1chf, name=Share 1 CHF, valueType=SECURITY, valueTag=CHF, clearingReference=null, needBalanceApproval=false)
2019-06-24 21:58:44.578  INFO 2268 --- [    Test worker] t.TimecurveManagerApplication            : 
2019-06-24 21:58:44.662  INFO 2268 --- [    Test worker] t.TimecurveManagerApplication            : 
2019-06-24 21:58:44.670  INFO 2268 --- [    Test worker] t.TimecurveManagerApplication            : object id: 6
2019-06-24 21:58:44.672  INFO 2268 --- [    Test worker] t.TimecurveManagerApplication            : eventItem2 eventextid: null
2019-06-24 21:58:44.883  INFO 2268 --- [    Test worker] t.TimecurveManagerApplication            : event id: 7
2019-06-24 21:58:44.893  INFO 2268 --- [    Test worker] t.TimecurveManagerApplication            : eventItem2 eventextid: 2
2019-06-24 21:58:45.011  INFO 2268 --- [    Test worker] t.TimecurveManagerApplication            : event id: 10 eventExtId: 4
2019-06-24 21:58:45.487  INFO 2268 --- [    Test worker] t.application.EventService               : fromDate1: +999999999-12-31toDate: -999999999-01-01fromDate2: +999999999-12-31toDate2: -999999999-01-01
2019-06-24 21:58:45.489  INFO 2268 --- [    Test worker] t.i.p.event.EventRepositoryImpl          : fromDate1: +999999999-12-31toDate: -999999999-01-01fromDate2: +999999999-12-31toDate2: -999999999-01-01
]]></system-out>
  <system-err><![CDATA[]]></system-err>
</testsuite>
