<?xml version="1.0" encoding="UTF-8"?>
<testsuite name="timecurvemanager.TimecurveIntegrationTests" tests="2" skipped="0" failures="0" errors="0" timestamp="2019-07-25T11:31:06" hostname="CHRIS-SURFACE" time="0.327">
  <properties/>
  <testcase name="givenTimecurvesGetAll" classname="timecurvemanager.TimecurveIntegrationTests" time="0.158"/>
  <testcase name="givenTimecurveFindByNameAndLabel" classname="timecurvemanager.TimecurveIntegrationTests" time="0.166"/>
  <system-out><![CDATA[2019-07-25 13:31:06.527  INFO 11792 --- [    Test worker] .b.t.c.SpringBootTestContextBootstrapper : Neither @ContextConfiguration nor @ContextHierarchy found for test class [timecurvemanager.TimecurveIntegrationTests], using SpringBootContextLoader
2019-07-25 13:31:06.530  INFO 11792 --- [    Test worker] o.s.t.c.support.AbstractContextLoader    : Could not detect default resource locations for test class [timecurvemanager.TimecurveIntegrationTests]: no resource found for suffixes {-context.xml, Context.groovy}.
2019-07-25 13:31:06.531  INFO 11792 --- [    Test worker] t.c.s.AnnotationConfigContextLoaderUtils : Could not detect default configuration classes for test class [timecurvemanager.TimecurveIntegrationTests]: TimecurveIntegrationTests does not declare any static, non-private, non-final, nested classes annotated with @Configuration.
2019-07-25 13:31:06.539  INFO 11792 --- [    Test worker] .b.t.c.SpringBootTestContextBootstrapper : Found @SpringBootConfiguration timecurvemanager.TimecurveManagerApplication for test class timecurvemanager.TimecurveIntegrationTests
2019-07-25 13:31:06.553  INFO 11792 --- [    Test worker] .b.t.c.SpringBootTestContextBootstrapper : Loaded default TestExecutionListener class names from location [META-INF/spring.factories]: [org.springframework.boot.test.autoconfigure.restdocs.RestDocsTestExecutionListener, org.springframework.boot.test.autoconfigure.web.client.MockRestServiceServerResetTestExecutionListener, org.springframework.boot.test.autoconfigure.web.servlet.MockMvcPrintOnlyOnFailureTestExecutionListener, org.springframework.boot.test.autoconfigure.web.servlet.WebDriverTestExecutionListener, org.springframework.boot.test.mock.mockito.MockitoTestExecutionListener, org.springframework.boot.test.mock.mockito.ResetMocksTestExecutionListener, org.springframework.test.context.web.ServletTestExecutionListener, org.springframework.test.context.support.DirtiesContextBeforeModesTestExecutionListener, org.springframework.test.context.support.DependencyInjectionTestExecutionListener, org.springframework.test.context.support.DirtiesContextTestExecutionListener, org.springframework.test.context.transaction.TransactionalTestExecutionListener, org.springframework.test.context.jdbc.SqlScriptsTestExecutionListener]
2019-07-25 13:31:06.555  INFO 11792 --- [    Test worker] .b.t.c.SpringBootTestContextBootstrapper : Using TestExecutionListeners: [org.springframework.test.context.web.ServletTestExecutionListener@36882ff6, org.springframework.test.context.support.DirtiesContextBeforeModesTestExecutionListener@5f33e1d2, org.springframework.boot.test.mock.mockito.MockitoTestExecutionListener@26241bc6, org.springframework.boot.test.autoconfigure.SpringBootDependencyInjectionTestExecutionListener@21684af5, org.springframework.test.context.support.DirtiesContextTestExecutionListener@56e826b1, org.springframework.test.context.transaction.TransactionalTestExecutionListener@169560cf, org.springframework.test.context.jdbc.SqlScriptsTestExecutionListener@10e9b3f0, org.springframework.boot.test.autoconfigure.restdocs.RestDocsTestExecutionListener@73b57cfa, org.springframework.boot.test.autoconfigure.web.client.MockRestServiceServerResetTestExecutionListener@647f1193, org.springframework.boot.test.autoconfigure.web.servlet.MockMvcPrintOnlyOnFailureTestExecutionListener@595186cb, org.springframework.boot.test.autoconfigure.web.servlet.WebDriverTestExecutionListener@4fac822, org.springframework.boot.test.mock.mockito.ResetMocksTestExecutionListener@5cf026eb]
]]></system-out>
  <system-err><![CDATA[]]></system-err>
</testsuite>
