<?xml version="1.0" encoding="UTF-8"?>
<testsuite name="timecurvemanager.TimecurveObjectIntegrationTests" tests="2" skipped="0" failures="0" errors="0" timestamp="2019-07-16T04:29:47" hostname="CHRIS-SURFACE" time="0.165">
  <properties/>
  <testcase name="givenTimecurvesGetAll" classname="timecurvemanager.TimecurveObjectIntegrationTests" time="0.085"/>
  <testcase name="givenTimecurveFindByNameAndLabel" classname="timecurvemanager.TimecurveObjectIntegrationTests" time="0.078"/>
  <system-out><![CDATA[2019-07-16 06:29:47.295  INFO 14308 --- [    Test worker] .b.t.c.SpringBootTestContextBootstrapper : Neither @ContextConfiguration nor @ContextHierarchy found for test class [timecurvemanager.TimecurveObjectIntegrationTests], using SpringBootContextLoader
2019-07-16 06:29:47.295  INFO 14308 --- [    Test worker] o.s.t.c.support.AbstractContextLoader    : Could not detect default resource locations for test class [timecurvemanager.TimecurveObjectIntegrationTests]: no resource found for suffixes {-context.xml, Context.groovy}.
2019-07-16 06:29:47.295  INFO 14308 --- [    Test worker] t.c.s.AnnotationConfigContextLoaderUtils : Could not detect default configuration classes for test class [timecurvemanager.TimecurveObjectIntegrationTests]: TimecurveObjectIntegrationTests does not declare any static, non-private, non-final, nested classes annotated with @Configuration.
2019-07-16 06:29:47.295  INFO 14308 --- [    Test worker] .b.t.c.SpringBootTestContextBootstrapper : Found @SpringBootConfiguration timecurvemanager.TimecurveManagerApplication for test class timecurvemanager.TimecurveObjectIntegrationTests
2019-07-16 06:29:47.295  INFO 14308 --- [    Test worker] .b.t.c.SpringBootTestContextBootstrapper : Loaded default TestExecutionListener class names from location [META-INF/spring.factories]: [org.springframework.boot.test.autoconfigure.restdocs.RestDocsTestExecutionListener, org.springframework.boot.test.autoconfigure.web.client.MockRestServiceServerResetTestExecutionListener, org.springframework.boot.test.autoconfigure.web.servlet.MockMvcPrintOnlyOnFailureTestExecutionListener, org.springframework.boot.test.autoconfigure.web.servlet.WebDriverTestExecutionListener, org.springframework.boot.test.mock.mockito.MockitoTestExecutionListener, org.springframework.boot.test.mock.mockito.ResetMocksTestExecutionListener, org.springframework.test.context.web.ServletTestExecutionListener, org.springframework.test.context.support.DirtiesContextBeforeModesTestExecutionListener, org.springframework.test.context.support.DependencyInjectionTestExecutionListener, org.springframework.test.context.support.DirtiesContextTestExecutionListener, org.springframework.test.context.transaction.TransactionalTestExecutionListener, org.springframework.test.context.jdbc.SqlScriptsTestExecutionListener]
2019-07-16 06:29:47.295  INFO 14308 --- [    Test worker] .b.t.c.SpringBootTestContextBootstrapper : Using TestExecutionListeners: [org.springframework.test.context.web.ServletTestExecutionListener@5c560bcf, org.springframework.test.context.support.DirtiesContextBeforeModesTestExecutionListener@1d321c, org.springframework.boot.test.mock.mockito.MockitoTestExecutionListener@619fd3a3, org.springframework.boot.test.autoconfigure.SpringBootDependencyInjectionTestExecutionListener@ea5ea45, org.springframework.test.context.support.DirtiesContextTestExecutionListener@62c1802d, org.springframework.test.context.transaction.TransactionalTestExecutionListener@ba5c3bb, org.springframework.test.context.jdbc.SqlScriptsTestExecutionListener@14380ba7, org.springframework.boot.test.autoconfigure.restdocs.RestDocsTestExecutionListener@356e2ca7, org.springframework.boot.test.autoconfigure.web.client.MockRestServiceServerResetTestExecutionListener@5b4002cf, org.springframework.boot.test.autoconfigure.web.servlet.MockMvcPrintOnlyOnFailureTestExecutionListener@7eddba07, org.springframework.boot.test.autoconfigure.web.servlet.WebDriverTestExecutionListener@2aecf348, org.springframework.boot.test.mock.mockito.ResetMocksTestExecutionListener@6ea3f9a6]
]]></system-out>
  <system-err><![CDATA[]]></system-err>
</testsuite>
