<?xml version="1.0" encoding="UTF-8"?>
<testsuite name="timecurvemanager.TimecurveControllerTests" tests="1" skipped="0" failures="0" errors="0" timestamp="2019-09-20T04:48:09" hostname="CHRIS-SURFACE" time="0.042">
  <properties/>
  <testcase name="givenNothingGetAllObjects" classname="timecurvemanager.TimecurveControllerTests" time="0.042"/>
  <system-out><![CDATA[2019-09-20 06:48:09.193  INFO 11568 --- [    Test worker] .b.t.c.SpringBootTestContextBootstrapper : Neither @ContextConfiguration nor @ContextHierarchy found for test class [timecurvemanager.TimecurveControllerTests], using SpringBootContextLoader
2019-09-20 06:48:09.195  INFO 11568 --- [    Test worker] o.s.t.c.support.AbstractContextLoader    : Could not detect default resource locations for test class [timecurvemanager.TimecurveControllerTests]: no resource found for suffixes {-context.xml, Context.groovy}.
2019-09-20 06:48:09.195  INFO 11568 --- [    Test worker] t.c.s.AnnotationConfigContextLoaderUtils : Could not detect default configuration classes for test class [timecurvemanager.TimecurveControllerTests]: TimecurveControllerTests does not declare any static, non-private, non-final, nested classes annotated with @Configuration.
2019-09-20 06:48:09.201  INFO 11568 --- [    Test worker] .b.t.c.SpringBootTestContextBootstrapper : Found @SpringBootConfiguration timecurvemanager.TimecurveManagerApplication for test class timecurvemanager.TimecurveControllerTests
2019-09-20 06:48:09.204  INFO 11568 --- [    Test worker] .b.t.c.SpringBootTestContextBootstrapper : Loaded default TestExecutionListener class names from location [META-INF/spring.factories]: [org.springframework.boot.test.autoconfigure.restdocs.RestDocsTestExecutionListener, org.springframework.boot.test.autoconfigure.web.client.MockRestServiceServerResetTestExecutionListener, org.springframework.boot.test.autoconfigure.web.servlet.MockMvcPrintOnlyOnFailureTestExecutionListener, org.springframework.boot.test.autoconfigure.web.servlet.WebDriverTestExecutionListener, org.springframework.boot.test.mock.mockito.MockitoTestExecutionListener, org.springframework.boot.test.mock.mockito.ResetMocksTestExecutionListener, org.springframework.test.context.web.ServletTestExecutionListener, org.springframework.test.context.support.DirtiesContextBeforeModesTestExecutionListener, org.springframework.test.context.support.DependencyInjectionTestExecutionListener, org.springframework.test.context.support.DirtiesContextTestExecutionListener, org.springframework.test.context.transaction.TransactionalTestExecutionListener, org.springframework.test.context.jdbc.SqlScriptsTestExecutionListener]
2019-09-20 06:48:09.205  INFO 11568 --- [    Test worker] .b.t.c.SpringBootTestContextBootstrapper : Using TestExecutionListeners: [org.springframework.test.context.web.ServletTestExecutionListener@1f3725b, org.springframework.test.context.support.DirtiesContextBeforeModesTestExecutionListener@3e046677, org.springframework.boot.test.mock.mockito.MockitoTestExecutionListener@2b3bcd67, org.springframework.boot.test.autoconfigure.SpringBootDependencyInjectionTestExecutionListener@74daed4a, org.springframework.test.context.support.DirtiesContextTestExecutionListener@6ea12820, org.springframework.test.context.transaction.TransactionalTestExecutionListener@738bcc5d, org.springframework.test.context.jdbc.SqlScriptsTestExecutionListener@62e67be, org.springframework.boot.test.autoconfigure.restdocs.RestDocsTestExecutionListener@253d7a8c, org.springframework.boot.test.autoconfigure.web.client.MockRestServiceServerResetTestExecutionListener@42bab623, org.springframework.boot.test.autoconfigure.web.servlet.MockMvcPrintOnlyOnFailureTestExecutionListener@6f7e730d, org.springframework.boot.test.autoconfigure.web.servlet.WebDriverTestExecutionListener@1a98facb, org.springframework.boot.test.mock.mockito.ResetMocksTestExecutionListener@54bf1a0e]
]]></system-out>
  <system-err><![CDATA[]]></system-err>
</testsuite>
