<?xml version="1.0" encoding="UTF-8"?>
<testsuite name="timecurvemanager.EventControllerTests" tests="1" skipped="0" failures="0" errors="0" timestamp="2019-07-08T04:36:34" hostname="CHRIS-SURFACE" time="0.402">
  <properties/>
  <testcase name="givenDimensionGetAllEvents" classname="timecurvemanager.EventControllerTests" time="0.402"/>
  <system-out><![CDATA[06:35:59.812 [Test worker] DEBUG org.springframework.test.context.junit4.SpringJUnit4ClassRunner - SpringJUnit4ClassRunner constructor called with [class timecurvemanager.EventControllerTests]
06:35:59.831 [Test worker] DEBUG org.springframework.test.context.BootstrapUtils - Instantiating CacheAwareContextLoaderDelegate from class [org.springframework.test.context.cache.DefaultCacheAwareContextLoaderDelegate]
06:35:59.875 [Test worker] DEBUG org.springframework.test.context.BootstrapUtils - Instantiating BootstrapContext using constructor [public org.springframework.test.context.support.DefaultBootstrapContext(java.lang.Class,org.springframework.test.context.CacheAwareContextLoaderDelegate)]
06:35:59.999 [Test worker] DEBUG org.springframework.test.context.BootstrapUtils - Instantiating TestContextBootstrapper for test class [timecurvemanager.EventControllerTests] from class [org.springframework.boot.test.context.SpringBootTestContextBootstrapper]
06:36:00.073 [Test worker] INFO org.springframework.boot.test.context.SpringBootTestContextBootstrapper - Neither @ContextConfiguration nor @ContextHierarchy found for test class [timecurvemanager.EventControllerTests], using SpringBootContextLoader
06:36:00.110 [Test worker] DEBUG org.springframework.test.context.support.AbstractContextLoader - Did not detect default resource location for test class [timecurvemanager.EventControllerTests]: class path resource [timecurvemanager/EventControllerTests-context.xml] does not exist
06:36:00.113 [Test worker] DEBUG org.springframework.test.context.support.AbstractContextLoader - Did not detect default resource location for test class [timecurvemanager.EventControllerTests]: class path resource [timecurvemanager/EventControllerTestsContext.groovy] does not exist
06:36:00.115 [Test worker] INFO org.springframework.test.context.support.AbstractContextLoader - Could not detect default resource locations for test class [timecurvemanager.EventControllerTests]: no resource found for suffixes {-context.xml, Context.groovy}.
06:36:00.123 [Test worker] INFO org.springframework.test.context.support.AnnotationConfigContextLoaderUtils - Could not detect default configuration classes for test class [timecurvemanager.EventControllerTests]: EventControllerTests does not declare any static, non-private, non-final, nested classes annotated with @Configuration.
06:36:00.423 [Test worker] DEBUG org.springframework.test.context.support.ActiveProfilesUtils - Could not find an 'annotation declaring class' for annotation type [org.springframework.test.context.ActiveProfiles] and class [timecurvemanager.EventControllerTests]
06:36:00.923 [Test worker] DEBUG org.springframework.context.annotation.ClassPathScanningCandidateComponentProvider - Identified candidate component class: file [C:\dev\timecurve\manager\build\classes\java\main\timecurvemanager\TimecurveManagerApplication.class]
06:36:00.941 [Test worker] INFO org.springframework.boot.test.context.SpringBootTestContextBootstrapper - Found @SpringBootConfiguration timecurvemanager.TimecurveManagerApplication for test class timecurvemanager.EventControllerTests
06:36:01.442 [Test worker] DEBUG org.springframework.boot.test.context.SpringBootTestContextBootstrapper - @TestExecutionListeners is not present for class [timecurvemanager.EventControllerTests]: using defaults.
06:36:01.444 [Test worker] INFO org.springframework.boot.test.context.SpringBootTestContextBootstrapper - Loaded default TestExecutionListener class names from location [META-INF/spring.factories]: [org.springframework.boot.test.autoconfigure.restdocs.RestDocsTestExecutionListener, org.springframework.boot.test.autoconfigure.web.client.MockRestServiceServerResetTestExecutionListener, org.springframework.boot.test.autoconfigure.web.servlet.MockMvcPrintOnlyOnFailureTestExecutionListener, org.springframework.boot.test.autoconfigure.web.servlet.WebDriverTestExecutionListener, org.springframework.boot.test.mock.mockito.MockitoTestExecutionListener, org.springframework.boot.test.mock.mockito.ResetMocksTestExecutionListener, org.springframework.test.context.web.ServletTestExecutionListener, org.springframework.test.context.support.DirtiesContextBeforeModesTestExecutionListener, org.springframework.test.context.support.DependencyInjectionTestExecutionListener, org.springframework.test.context.support.DirtiesContextTestExecutionListener, org.springframework.test.context.transaction.TransactionalTestExecutionListener, org.springframework.test.context.jdbc.SqlScriptsTestExecutionListener]
06:36:01.507 [Test worker] INFO org.springframework.boot.test.context.SpringBootTestContextBootstrapper - Using TestExecutionListeners: [org.springframework.test.context.web.ServletTestExecutionListener@d2af0c3, org.springframework.test.context.support.DirtiesContextBeforeModesTestExecutionListener@2a70a731, org.springframework.boot.test.mock.mockito.MockitoTestExecutionListener@1e405da3, org.springframework.boot.test.autoconfigure.SpringBootDependencyInjectionTestExecutionListener@10aea8b5, org.springframework.test.context.support.DirtiesContextTestExecutionListener@4ad8fe8b, org.springframework.test.context.transaction.TransactionalTestExecutionListener@65be91ce, org.springframework.test.context.jdbc.SqlScriptsTestExecutionListener@798f759f, org.springframework.boot.test.autoconfigure.restdocs.RestDocsTestExecutionListener@1c81811b, org.springframework.boot.test.autoconfigure.web.client.MockRestServiceServerResetTestExecutionListener@112008a6, org.springframework.boot.test.autoconfigure.web.servlet.MockMvcPrintOnlyOnFailureTestExecutionListener@81cbad, org.springframework.boot.test.autoconfigure.web.servlet.WebDriverTestExecutionListener@22065af, org.springframework.boot.test.mock.mockito.ResetMocksTestExecutionListener@12b9a5a9]
06:36:01.513 [Test worker] DEBUG org.springframework.test.annotation.ProfileValueUtils - Retrieved @ProfileValueSourceConfiguration [null] for test class [timecurvemanager.EventControllerTests]
06:36:01.515 [Test worker] DEBUG org.springframework.test.annotation.ProfileValueUtils - Retrieved ProfileValueSource type [class org.springframework.test.annotation.SystemProfileValueSource] for class [timecurvemanager.EventControllerTests]
06:36:01.517 [Test worker] DEBUG org.springframework.test.annotation.ProfileValueUtils - Retrieved @ProfileValueSourceConfiguration [null] for test class [timecurvemanager.EventControllerTests]
06:36:01.519 [Test worker] DEBUG org.springframework.test.annotation.ProfileValueUtils - Retrieved ProfileValueSource type [class org.springframework.test.annotation.SystemProfileValueSource] for class [timecurvemanager.EventControllerTests]
06:36:01.534 [Test worker] DEBUG org.springframework.test.context.support.AbstractDirtiesContextTestExecutionListener - Before test class: context [DefaultTestContext@42b63cd9 testClass = EventControllerTests, testInstance = [null], testMethod = [null], testException = [null], mergedContextConfiguration = [WebMergedContextConfiguration@7bd525d4 testClass = EventControllerTests, locations = '{}', classes = '{class timecurvemanager.TimecurveManagerApplication}', contextInitializerClasses = '[]', activeProfiles = '{}', propertySourceLocations = '{}', propertySourceProperties = '{org.springframework.boot.test.context.SpringBootTestContextBootstrapper=true}', contextCustomizers = set[org.springframework.boot.test.autoconfigure.properties.PropertyMappingContextCustomizer@e7e8512, org.springframework.boot.test.autoconfigure.web.servlet.WebDriverContextCustomizerFactory$Customizer@2134b14, [ImportsContextCustomizer@561cf89d key = [org.springframework.boot.test.autoconfigure.web.servlet.MockMvcAutoConfiguration, org.springframework.boot.test.autoconfigure.web.servlet.MockMvcSecurityAutoConfiguration, org.springframework.boot.test.autoconfigure.web.servlet.MockMvcWebClientAutoConfiguration, org.springframework.boot.test.autoconfigure.web.servlet.MockMvcWebDriverAutoConfiguration]], org.springframework.boot.test.context.filter.ExcludeFilterContextCustomizer@665b3e1c, org.springframework.boot.test.json.DuplicateJsonObjectContextCustomizerFactory$DuplicateJsonObjectContextCustomizer@3856388b, org.springframework.boot.test.mock.mockito.MockitoContextCustomizer@0, org.springframework.boot.test.web.client.TestRestTemplateContextCustomizer@738ac707], resourceBasePath = 'src/main/webapp', contextLoader = 'org.springframework.boot.test.context.SpringBootContextLoader', parent = [null]], attributes = map['org.springframework.test.context.web.ServletTestExecutionListener.activateListener' -> true]], class annotated with @DirtiesContext [false] with mode [null].
06:36:01.540 [Test worker] DEBUG org.springframework.test.annotation.ProfileValueUtils - Retrieved @ProfileValueSourceConfiguration [null] for test class [timecurvemanager.EventControllerTests]
06:36:01.541 [Test worker] DEBUG org.springframework.test.annotation.ProfileValueUtils - Retrieved ProfileValueSource type [class org.springframework.test.annotation.SystemProfileValueSource] for class [timecurvemanager.EventControllerTests]
06:36:01.615 [Test worker] DEBUG org.springframework.test.context.support.TestPropertySourceUtils - Adding inlined properties to environment: {spring.jmx.enabled=false, org.springframework.boot.test.context.SpringBootTestContextBootstrapper=true, server.port=-1}

  .   ____          _            __ _ _
 /\\ / ___'_ __ _ _(_)_ __  __ _ \ \ \ \
( ( )\___ | '_ | '_| | '_ \/ _` | \ \ \ \
 \\/  ___)| |_)| | | | | || (_| |  ) ) ) )
  '  |____| .__|_| |_|_| |_\__, | / / / /
 =========|_|==============|___/=/_/_/_/
 :: Spring Boot ::        (v2.1.5.RELEASE)

2019-07-08 06:36:02.945  INFO 12224 --- [    Test worker] timecurvemanager.EventControllerTests    : Starting EventControllerTests on CHRIS-SURFACE with PID 12224 (started by chris in C:\dev\timecurve\manager)
2019-07-08 06:36:02.971  INFO 12224 --- [    Test worker] timecurvemanager.EventControllerTests    : No active profile set, falling back to default profiles: default
2019-07-08 06:36:08.378  INFO 12224 --- [    Test worker] .s.d.r.c.RepositoryConfigurationDelegate : Bootstrapping Spring Data repositories in DEFAULT mode.
2019-07-08 06:36:08.940  INFO 12224 --- [    Test worker] .s.d.r.c.RepositoryConfigurationDelegate : Finished Spring Data repository scanning in 526ms. Found 7 repository interfaces.
2019-07-08 06:36:10.881  INFO 12224 --- [    Test worker] trationDelegate$BeanPostProcessorChecker : Bean 'org.springframework.transaction.annotation.ProxyTransactionManagementConfiguration' of type [org.springframework.transaction.annotation.ProxyTransactionManagementConfiguration$$EnhancerBySpringCGLIB$$97e45616] is not eligible for getting processed by all BeanPostProcessors (for example: not eligible for auto-proxying)
2019-07-08 06:36:11.013  INFO 12224 --- [    Test worker] trationDelegate$BeanPostProcessorChecker : Bean 'org.springframework.hateoas.config.HateoasConfiguration' of type [org.springframework.hateoas.config.HateoasConfiguration$$EnhancerBySpringCGLIB$$1764a348] is not eligible for getting processed by all BeanPostProcessors (for example: not eligible for auto-proxying)
2019-07-08 06:36:12.232  INFO 12224 --- [    Test worker] com.zaxxer.hikari.HikariDataSource       : HikariPool-1 - Starting...
2019-07-08 06:36:12.940  INFO 12224 --- [    Test worker] com.zaxxer.hikari.HikariDataSource       : HikariPool-1 - Start completed.
2019-07-08 06:36:13.294  INFO 12224 --- [    Test worker] o.hibernate.jpa.internal.util.LogHelper  : HHH000204: Processing PersistenceUnitInfo [
	name: default
	...]
2019-07-08 06:36:13.539  INFO 12224 --- [    Test worker] org.hibernate.Version                    : HHH000412: Hibernate Core {5.3.10.Final}
2019-07-08 06:36:13.545  INFO 12224 --- [    Test worker] org.hibernate.cfg.Environment            : HHH000206: hibernate.properties not found
2019-07-08 06:36:13.904  INFO 12224 --- [    Test worker] o.hibernate.annotations.common.Version   : HCANN000001: Hibernate Commons Annotations {5.0.4.Final}
2019-07-08 06:36:14.714  INFO 12224 --- [    Test worker] org.hibernate.dialect.Dialect            : HHH000400: Using dialect: org.hibernate.dialect.H2Dialect
2019-07-08 06:36:16.861  INFO 12224 --- [    Test worker] o.h.t.schema.internal.SchemaCreatorImpl  : HHH000476: Executing import script 'org.hibernate.tool.schema.internal.exec.ScriptSourceInputNonExistentImpl@25d6f2f2'
2019-07-08 06:36:16.873  INFO 12224 --- [    Test worker] j.LocalContainerEntityManagerFactoryBean : Initialized JPA EntityManagerFactory for persistence unit 'default'
2019-07-08 06:36:19.825  INFO 12224 --- [    Test worker] o.h.h.i.QueryTranslatorFactoryInitiator  : HHH000397: Using ASTQueryTranslatorFactory
2019-07-08 06:36:26.445  INFO 12224 --- [    Test worker] o.s.s.concurrent.ThreadPoolTaskExecutor  : Initializing ExecutorService 'applicationTaskExecutor'
2019-07-08 06:36:26.925  WARN 12224 --- [    Test worker] aWebConfiguration$JpaWebMvcConfiguration : spring.jpa.open-in-view is enabled by default. Therefore, database queries may be performed during view rendering. Explicitly configure spring.jpa.open-in-view to disable this warning
2019-07-08 06:36:33.555  INFO 12224 --- [    Test worker] o.s.b.t.m.w.SpringBootMockServletContext : Initializing Spring TestDispatcherServlet ''
2019-07-08 06:36:33.556  INFO 12224 --- [    Test worker] o.s.t.web.servlet.TestDispatcherServlet  : Initializing Servlet ''
2019-07-08 06:36:33.658  INFO 12224 --- [    Test worker] o.s.b.a.e.web.EndpointLinksResolver      : Exposing 2 endpoint(s) beneath base path '/actuator'
2019-07-08 06:36:33.909  INFO 12224 --- [    Test worker] o.s.t.web.servlet.TestDispatcherServlet  : Completed initialization in 353 ms
2019-07-08 06:36:34.140  INFO 12224 --- [    Test worker] timecurvemanager.EventControllerTests    : Started EventControllerTests in 32.492 seconds (JVM running for 41.06)
2019-07-08 06:36:34.510  INFO 12224 --- [    Test worker] t.TimecurveManagerApplication            : Timecurves found with findAll():
2019-07-08 06:36:34.511  INFO 12224 --- [    Test worker] t.TimecurveManagerApplication            : -------------------------------
2019-07-08 06:36:34.575  INFO 12224 --- [    Test worker] t.TimecurveManagerApplication            : TimecurveObject(id=3, tenantId=AAA, name=Share 1 CHF, clearingReference=null, needBalanceApproval=false)
2019-07-08 06:36:34.576  INFO 12224 --- [    Test worker] t.TimecurveManagerApplication            : TimecurveObject(id=4, tenantId=AAA, name=Share 2 EUR, clearingReference=null, needBalanceApproval=false)
2019-07-08 06:36:34.576  INFO 12224 --- [    Test worker] t.TimecurveManagerApplication            : TimecurveObject(id=5, tenantId=AAA, name=Bond 1 CHF, clearingReference=null, needBalanceApproval=false)
2019-07-08 06:36:34.577  INFO 12224 --- [    Test worker] t.TimecurveManagerApplication            : TimecurveObject(id=6, tenantId=AAA, name=Money Account 1 CHF, clearingReference=CHF, needBalanceApproval=true)
2019-07-08 06:36:34.577  INFO 12224 --- [    Test worker] t.TimecurveManagerApplication            : TimecurveObject(id=7, tenantId=AAA, name=Money Account 2 CHF, clearingReference=CHF, needBalanceApproval=true)
2019-07-08 06:36:34.577  INFO 12224 --- [    Test worker] t.TimecurveManagerApplication            : 
2019-07-08 06:36:34.577  INFO 12224 --- [    Test worker] t.TimecurveManagerApplication            : TimecurveObject found with findById(1L):
2019-07-08 06:36:34.577  INFO 12224 --- [    Test worker] t.TimecurveManagerApplication            : --------------------------------
2019-07-08 06:36:34.578  INFO 12224 --- [    Test worker] t.TimecurveManagerApplication            : 
2019-07-08 06:36:34.582  INFO 12224 --- [    Test worker] t.TimecurveManagerApplication            : object id: 8
2019-07-08 06:36:34.587  INFO 12224 --- [    Test worker] t.TimecurveManagerApplication            : object id: 8
2019-07-08 06:36:34.589  INFO 12224 --- [    Test worker] t.TimecurveManagerApplication            : eventItem2 eventextid: null
2019-07-08 06:36:34.708  INFO 12224 --- [    Test worker] t.TimecurveManagerApplication            : event id: 10
2019-07-08 06:36:34.710  INFO 12224 --- [    Test worker] t.TimecurveManagerApplication            : eventItem2 eventextid: 1
2019-07-08 06:36:34.748  INFO 12224 --- [    Test worker] t.TimecurveManagerApplication            : event id: 13 eventExtId: 2
]]></system-out>
  <system-err><![CDATA[]]></system-err>
</testsuite>
