<?xml version="1.0" encoding="UTF-8"?>
<testsuite name="timecurvemanager.TimecurveObjectEntityTests" tests="2" skipped="0" failures="0" errors="0" timestamp="2019-07-08T04:36:35" hostname="CHRIS-SURFACE" time="0.007">
  <properties/>
  <testcase name="shouldFindTimecurveEntity" classname="timecurvemanager.TimecurveObjectEntityTests" time="0.002"/>
  <testcase name="shouldInsertTimecurveEntity" classname="timecurvemanager.TimecurveObjectEntityTests" time="0.002"/>
  <system-out><![CDATA[]]></system-out>
  <system-err><![CDATA[]]></system-err>
</testsuite>
