<?xml version="1.0" encoding="UTF-8"?>
<testsuite name="timecurvemanager.TimecurveObjectEntityTests" tests="1" skipped="0" failures="0" errors="0" timestamp="2019-05-23T20:05:37" hostname="CHRIS-SURFACE" time="0.076">
  <properties/>
  <testcase name="shouldInsertTimecurveEntity" classname="timecurvemanager.TimecurveObjectEntityTests" time="0.076"/>
  <system-out><![CDATA[]]></system-out>
  <system-err><![CDATA[]]></system-err>
</testsuite>
