<?xml version="1.0" encoding="UTF-8"?>
<testsuite name="timecurvemanager.TimecurveObjectControllerTests" tests="1" skipped="0" failures="0" errors="0" timestamp="2019-07-16T04:29:47" hostname="CHRIS-SURFACE" time="0.058">
  <properties/>
  <testcase name="givenNothingGetAllObjects" classname="timecurvemanager.TimecurveObjectControllerTests" time="0.058"/>
  <system-out><![CDATA[2019-07-16 06:29:47.139  INFO 14308 --- [    Test worker] .b.t.c.SpringBootTestContextBootstrapper : Neither @ContextConfiguration nor @ContextHierarchy found for test class [timecurvemanager.TimecurveObjectControllerTests], using SpringBootContextLoader
2019-07-16 06:29:47.139  INFO 14308 --- [    Test worker] o.s.t.c.support.AbstractContextLoader    : Could not detect default resource locations for test class [timecurvemanager.TimecurveObjectControllerTests]: no resource found for suffixes {-context.xml, Context.groovy}.
2019-07-16 06:29:47.139  INFO 14308 --- [    Test worker] t.c.s.AnnotationConfigContextLoaderUtils : Could not detect default configuration classes for test class [timecurvemanager.TimecurveObjectControllerTests]: TimecurveObjectControllerTests does not declare any static, non-private, non-final, nested classes annotated with @Configuration.
2019-07-16 06:29:47.139  INFO 14308 --- [    Test worker] .b.t.c.SpringBootTestContextBootstrapper : Found @SpringBootConfiguration timecurvemanager.TimecurveManagerApplication for test class timecurvemanager.TimecurveObjectControllerTests
2019-07-16 06:29:47.166  INFO 14308 --- [    Test worker] .b.t.c.SpringBootTestContextBootstrapper : Loaded default TestExecutionListener class names from location [META-INF/spring.factories]: [org.springframework.boot.test.autoconfigure.restdocs.RestDocsTestExecutionListener, org.springframework.boot.test.autoconfigure.web.client.MockRestServiceServerResetTestExecutionListener, org.springframework.boot.test.autoconfigure.web.servlet.MockMvcPrintOnlyOnFailureTestExecutionListener, org.springframework.boot.test.autoconfigure.web.servlet.WebDriverTestExecutionListener, org.springframework.boot.test.mock.mockito.MockitoTestExecutionListener, org.springframework.boot.test.mock.mockito.ResetMocksTestExecutionListener, org.springframework.test.context.web.ServletTestExecutionListener, org.springframework.test.context.support.DirtiesContextBeforeModesTestExecutionListener, org.springframework.test.context.support.DependencyInjectionTestExecutionListener, org.springframework.test.context.support.DirtiesContextTestExecutionListener, org.springframework.test.context.transaction.TransactionalTestExecutionListener, org.springframework.test.context.jdbc.SqlScriptsTestExecutionListener]
2019-07-16 06:29:47.168  INFO 14308 --- [    Test worker] .b.t.c.SpringBootTestContextBootstrapper : Using TestExecutionListeners: [org.springframework.test.context.web.ServletTestExecutionListener@590c6180, org.springframework.test.context.support.DirtiesContextBeforeModesTestExecutionListener@16820000, org.springframework.boot.test.mock.mockito.MockitoTestExecutionListener@76ad084b, org.springframework.boot.test.autoconfigure.SpringBootDependencyInjectionTestExecutionListener@16b74233, org.springframework.test.context.support.DirtiesContextTestExecutionListener@2c8d3104, org.springframework.test.context.transaction.TransactionalTestExecutionListener@2a89a695, org.springframework.test.context.jdbc.SqlScriptsTestExecutionListener@34f81cdf, org.springframework.boot.test.autoconfigure.restdocs.RestDocsTestExecutionListener@187276a9, org.springframework.boot.test.autoconfigure.web.client.MockRestServiceServerResetTestExecutionListener@5db271b2, org.springframework.boot.test.autoconfigure.web.servlet.MockMvcPrintOnlyOnFailureTestExecutionListener@3a68c99f, org.springframework.boot.test.autoconfigure.web.servlet.WebDriverTestExecutionListener@4e0234e9, org.springframework.boot.test.mock.mockito.ResetMocksTestExecutionListener@45cec4be]
]]></system-out>
  <system-err><![CDATA[]]></system-err>
</testsuite>
