<?xml version="1.0" encoding="UTF-8"?>
<testsuite name="timecurvemanager.TimecurveIntegrationTests" tests="2" skipped="0" failures="0" errors="0" timestamp="2019-09-06T05:07:30" hostname="CHRIS-SURFACE" time="0.175">
  <properties/>
  <testcase name="givenTimecurvesGetAll" classname="timecurvemanager.TimecurveIntegrationTests" time="0.093"/>
  <testcase name="givenTimecurveFindByNameAndLabel" classname="timecurvemanager.TimecurveIntegrationTests" time="0.081"/>
  <system-out><![CDATA[2019-09-06 07:07:30.832  INFO 3344 --- [    Test worker] .b.t.c.SpringBootTestContextBootstrapper : Neither @ContextConfiguration nor @ContextHierarchy found for test class [timecurvemanager.TimecurveIntegrationTests], using SpringBootContextLoader
2019-09-06 07:07:30.834  INFO 3344 --- [    Test worker] o.s.t.c.support.AbstractContextLoader    : Could not detect default resource locations for test class [timecurvemanager.TimecurveIntegrationTests]: no resource found for suffixes {-context.xml, Context.groovy}.
2019-09-06 07:07:30.835  INFO 3344 --- [    Test worker] t.c.s.AnnotationConfigContextLoaderUtils : Could not detect default configuration classes for test class [timecurvemanager.TimecurveIntegrationTests]: TimecurveIntegrationTests does not declare any static, non-private, non-final, nested classes annotated with @Configuration.
2019-09-06 07:07:30.842  INFO 3344 --- [    Test worker] .b.t.c.SpringBootTestContextBootstrapper : Found @SpringBootConfiguration timecurvemanager.TimecurveManagerApplication for test class timecurvemanager.TimecurveIntegrationTests
2019-09-06 07:07:30.849  INFO 3344 --- [    Test worker] .b.t.c.SpringBootTestContextBootstrapper : Loaded default TestExecutionListener class names from location [META-INF/spring.factories]: [org.springframework.boot.test.autoconfigure.restdocs.RestDocsTestExecutionListener, org.springframework.boot.test.autoconfigure.web.client.MockRestServiceServerResetTestExecutionListener, org.springframework.boot.test.autoconfigure.web.servlet.MockMvcPrintOnlyOnFailureTestExecutionListener, org.springframework.boot.test.autoconfigure.web.servlet.WebDriverTestExecutionListener, org.springframework.boot.test.mock.mockito.MockitoTestExecutionListener, org.springframework.boot.test.mock.mockito.ResetMocksTestExecutionListener, org.springframework.test.context.web.ServletTestExecutionListener, org.springframework.test.context.support.DirtiesContextBeforeModesTestExecutionListener, org.springframework.test.context.support.DependencyInjectionTestExecutionListener, org.springframework.test.context.support.DirtiesContextTestExecutionListener, org.springframework.test.context.transaction.TransactionalTestExecutionListener, org.springframework.test.context.jdbc.SqlScriptsTestExecutionListener]
2019-09-06 07:07:30.851  INFO 3344 --- [    Test worker] .b.t.c.SpringBootTestContextBootstrapper : Using TestExecutionListeners: [org.springframework.test.context.web.ServletTestExecutionListener@3fa16469, org.springframework.test.context.support.DirtiesContextBeforeModesTestExecutionListener@42eb0768, org.springframework.boot.test.mock.mockito.MockitoTestExecutionListener@4820b6d4, org.springframework.boot.test.autoconfigure.SpringBootDependencyInjectionTestExecutionListener@2e7f8b2d, org.springframework.test.context.support.DirtiesContextTestExecutionListener@1ac930a7, org.springframework.test.context.transaction.TransactionalTestExecutionListener@83b4d1, org.springframework.test.context.jdbc.SqlScriptsTestExecutionListener@4d583403, org.springframework.boot.test.autoconfigure.restdocs.RestDocsTestExecutionListener@1f2cf866, org.springframework.boot.test.autoconfigure.web.client.MockRestServiceServerResetTestExecutionListener@4cb3bf2c, org.springframework.boot.test.autoconfigure.web.servlet.MockMvcPrintOnlyOnFailureTestExecutionListener@518bbf57, org.springframework.boot.test.autoconfigure.web.servlet.WebDriverTestExecutionListener@5dff7149, org.springframework.boot.test.mock.mockito.ResetMocksTestExecutionListener@25685d58]
]]></system-out>
  <system-err><![CDATA[]]></system-err>
</testsuite>
