<?xml version="1.0" encoding="UTF-8"?>
<testsuite name="timecurvemanager.TimecurveObjectIntegrationTests" tests="2" skipped="0" failures="0" errors="0" timestamp="2019-05-29T04:07:15" hostname="CHRIS-SURFACE" time="0.386">
  <properties/>
  <testcase name="givenTimecurvesGetAll" classname="timecurvemanager.TimecurveObjectIntegrationTests" time="0.333"/>
  <testcase name="givenTimecurveFindByNameAndLabel" classname="timecurvemanager.TimecurveObjectIntegrationTests" time="0.051"/>
  <system-out><![CDATA[06:07:01.408 [Test worker] DEBUG org.springframework.test.context.junit4.SpringJUnit4ClassRunner - SpringJUnit4ClassRunner constructor called with [class timecurvemanager.TimecurveObjectIntegrationTests]
06:07:01.418 [Test worker] DEBUG org.springframework.test.context.BootstrapUtils - Instantiating CacheAwareContextLoaderDelegate from class [org.springframework.test.context.cache.DefaultCacheAwareContextLoaderDelegate]
06:07:01.430 [Test worker] DEBUG org.springframework.test.context.BootstrapUtils - Instantiating BootstrapContext using constructor [public org.springframework.test.context.support.DefaultBootstrapContext(java.lang.Class,org.springframework.test.context.CacheAwareContextLoaderDelegate)]
06:07:01.460 [Test worker] DEBUG org.springframework.test.context.BootstrapUtils - Instantiating TestContextBootstrapper for test class [timecurvemanager.TimecurveObjectIntegrationTests] from class [org.springframework.boot.test.context.SpringBootTestContextBootstrapper]
06:07:01.473 [Test worker] INFO org.springframework.boot.test.context.SpringBootTestContextBootstrapper - Neither @ContextConfiguration nor @ContextHierarchy found for test class [timecurvemanager.TimecurveObjectIntegrationTests], using SpringBootContextLoader
06:07:01.480 [Test worker] DEBUG org.springframework.test.context.support.AbstractContextLoader - Did not detect default resource location for test class [timecurvemanager.TimecurveObjectIntegrationTests]: class path resource [timecurvemanager/TimecurveObjectIntegrationTests-context.xml] does not exist
06:07:01.481 [Test worker] DEBUG org.springframework.test.context.support.AbstractContextLoader - Did not detect default resource location for test class [timecurvemanager.TimecurveObjectIntegrationTests]: class path resource [timecurvemanager/TimecurveObjectIntegrationTestsContext.groovy] does not exist
06:07:01.482 [Test worker] INFO org.springframework.test.context.support.AbstractContextLoader - Could not detect default resource locations for test class [timecurvemanager.TimecurveObjectIntegrationTests]: no resource found for suffixes {-context.xml, Context.groovy}.
06:07:01.484 [Test worker] INFO org.springframework.test.context.support.AnnotationConfigContextLoaderUtils - Could not detect default configuration classes for test class [timecurvemanager.TimecurveObjectIntegrationTests]: TimecurveObjectIntegrationTests does not declare any static, non-private, non-final, nested classes annotated with @Configuration.
06:07:01.593 [Test worker] DEBUG org.springframework.test.context.support.ActiveProfilesUtils - Could not find an 'annotation declaring class' for annotation type [org.springframework.test.context.ActiveProfiles] and class [timecurvemanager.TimecurveObjectIntegrationTests]
06:07:01.747 [Test worker] DEBUG org.springframework.context.annotation.ClassPathScanningCandidateComponentProvider - Identified candidate component class: file [C:\dev\timecurve\manager\build\classes\java\main\timecurvemanager\TimecurveManagerApplication.class]
06:07:01.750 [Test worker] INFO org.springframework.boot.test.context.SpringBootTestContextBootstrapper - Found @SpringBootConfiguration timecurvemanager.TimecurveManagerApplication for test class timecurvemanager.TimecurveObjectIntegrationTests
06:07:01.897 [Test worker] DEBUG org.springframework.boot.test.context.SpringBootTestContextBootstrapper - @TestExecutionListeners is not present for class [timecurvemanager.TimecurveObjectIntegrationTests]: using defaults.
06:07:01.898 [Test worker] INFO org.springframework.boot.test.context.SpringBootTestContextBootstrapper - Loaded default TestExecutionListener class names from location [META-INF/spring.factories]: [org.springframework.boot.test.autoconfigure.restdocs.RestDocsTestExecutionListener, org.springframework.boot.test.autoconfigure.web.client.MockRestServiceServerResetTestExecutionListener, org.springframework.boot.test.autoconfigure.web.servlet.MockMvcPrintOnlyOnFailureTestExecutionListener, org.springframework.boot.test.autoconfigure.web.servlet.WebDriverTestExecutionListener, org.springframework.boot.test.mock.mockito.MockitoTestExecutionListener, org.springframework.boot.test.mock.mockito.ResetMocksTestExecutionListener, org.springframework.test.context.web.ServletTestExecutionListener, org.springframework.test.context.support.DirtiesContextBeforeModesTestExecutionListener, org.springframework.test.context.support.DependencyInjectionTestExecutionListener, org.springframework.test.context.support.DirtiesContextTestExecutionListener, org.springframework.test.context.transaction.TransactionalTestExecutionListener, org.springframework.test.context.jdbc.SqlScriptsTestExecutionListener]
06:07:01.925 [Test worker] INFO org.springframework.boot.test.context.SpringBootTestContextBootstrapper - Using TestExecutionListeners: [org.springframework.test.context.web.ServletTestExecutionListener@56d7cc36, org.springframework.test.context.support.DirtiesContextBeforeModesTestExecutionListener@62425165, org.springframework.boot.test.mock.mockito.MockitoTestExecutionListener@8a73c01, org.springframework.boot.test.autoconfigure.SpringBootDependencyInjectionTestExecutionListener@7b1d4985, org.springframework.test.context.support.DirtiesContextTestExecutionListener@13c39cac, org.springframework.test.context.transaction.TransactionalTestExecutionListener@637a3ec8, org.springframework.test.context.jdbc.SqlScriptsTestExecutionListener@520c5192, org.springframework.boot.test.autoconfigure.restdocs.RestDocsTestExecutionListener@434c7b37, org.springframework.boot.test.autoconfigure.web.client.MockRestServiceServerResetTestExecutionListener@4ce5b90e, org.springframework.boot.test.autoconfigure.web.servlet.MockMvcPrintOnlyOnFailureTestExecutionListener@7e5b4224, org.springframework.boot.test.autoconfigure.web.servlet.WebDriverTestExecutionListener@4e6b0cbc, org.springframework.boot.test.mock.mockito.ResetMocksTestExecutionListener@6e5e4385]
06:07:01.928 [Test worker] DEBUG org.springframework.test.annotation.ProfileValueUtils - Retrieved @ProfileValueSourceConfiguration [null] for test class [timecurvemanager.TimecurveObjectIntegrationTests]
06:07:01.928 [Test worker] DEBUG org.springframework.test.annotation.ProfileValueUtils - Retrieved ProfileValueSource type [class org.springframework.test.annotation.SystemProfileValueSource] for class [timecurvemanager.TimecurveObjectIntegrationTests]
06:07:01.929 [Test worker] DEBUG org.springframework.test.annotation.ProfileValueUtils - Retrieved @ProfileValueSourceConfiguration [null] for test class [timecurvemanager.TimecurveObjectIntegrationTests]
06:07:01.929 [Test worker] DEBUG org.springframework.test.annotation.ProfileValueUtils - Retrieved ProfileValueSource type [class org.springframework.test.annotation.SystemProfileValueSource] for class [timecurvemanager.TimecurveObjectIntegrationTests]
06:07:01.936 [Test worker] DEBUG org.springframework.test.context.support.AbstractDirtiesContextTestExecutionListener - Before test class: context [DefaultTestContext@4ebf9da2 testClass = TimecurveObjectIntegrationTests, testInstance = [null], testMethod = [null], testException = [null], mergedContextConfiguration = [WebMergedContextConfiguration@70f587ed testClass = TimecurveObjectIntegrationTests, locations = '{}', classes = '{class timecurvemanager.TimecurveManagerApplication}', contextInitializerClasses = '[]', activeProfiles = '{}', propertySourceLocations = '{}', propertySourceProperties = '{org.springframework.boot.test.context.SpringBootTestContextBootstrapper=true}', contextCustomizers = set[org.springframework.boot.test.autoconfigure.properties.PropertyMappingContextCustomizer@e7e8512, org.springframework.boot.test.autoconfigure.web.servlet.WebDriverContextCustomizerFactory$Customizer@294d3fc6, [ImportsContextCustomizer@3686683b key = [org.springframework.boot.test.autoconfigure.web.servlet.MockMvcAutoConfiguration, org.springframework.boot.test.autoconfigure.web.servlet.MockMvcSecurityAutoConfiguration, org.springframework.boot.test.autoconfigure.web.servlet.MockMvcWebClientAutoConfiguration, org.springframework.boot.test.autoconfigure.web.servlet.MockMvcWebDriverAutoConfiguration]], org.springframework.boot.test.context.filter.ExcludeFilterContextCustomizer@32c5268f, org.springframework.boot.test.json.DuplicateJsonObjectContextCustomizerFactory$DuplicateJsonObjectContextCustomizer@549b94f, org.springframework.boot.test.mock.mockito.MockitoContextCustomizer@0, org.springframework.boot.test.web.client.TestRestTemplateContextCustomizer@5d7ffcf9], resourceBasePath = 'src/main/webapp', contextLoader = 'org.springframework.boot.test.context.SpringBootContextLoader', parent = [null]], attributes = map['org.springframework.test.context.web.ServletTestExecutionListener.activateListener' -> true]], class annotated with @DirtiesContext [false] with mode [null].
06:07:01.937 [Test worker] DEBUG org.springframework.test.annotation.ProfileValueUtils - Retrieved @ProfileValueSourceConfiguration [null] for test class [timecurvemanager.TimecurveObjectIntegrationTests]
06:07:01.938 [Test worker] DEBUG org.springframework.test.annotation.ProfileValueUtils - Retrieved ProfileValueSource type [class org.springframework.test.annotation.SystemProfileValueSource] for class [timecurvemanager.TimecurveObjectIntegrationTests]
06:07:01.970 [Test worker] DEBUG org.springframework.test.context.support.TestPropertySourceUtils - Adding inlined properties to environment: {spring.jmx.enabled=false, org.springframework.boot.test.context.SpringBootTestContextBootstrapper=true, server.port=-1}

  .   ____          _            __ _ _
 /\\ / ___'_ __ _ _(_)_ __  __ _ \ \ \ \
( ( )\___ | '_ | '_| | '_ \/ _` | \ \ \ \
 \\/  ___)| |_)| | | | | || (_| |  ) ) ) )
  '  |____| .__|_| |_|_| |_\__, | / / / /
 =========|_|==============|___/=/_/_/_/
 :: Spring Boot ::        (v2.1.4.RELEASE)

2019-05-29 06:07:02.643  INFO 3580 --- [    Test worker] t.TimecurveObjectIntegrationTests        : Starting TimecurveObjectIntegrationTests on CHRIS-SURFACE with PID 3580 (started by chris in C:\dev\timecurve\manager)
2019-05-29 06:07:02.653  INFO 3580 --- [    Test worker] t.TimecurveObjectIntegrationTests        : No active profile set, falling back to default profiles: default
2019-05-29 06:07:05.116  INFO 3580 --- [    Test worker] .s.d.r.c.RepositoryConfigurationDelegate : Bootstrapping Spring Data repositories in DEFAULT mode.
2019-05-29 06:07:05.346  INFO 3580 --- [    Test worker] .s.d.r.c.RepositoryConfigurationDelegate : Finished Spring Data repository scanning in 193ms. Found 4 repository interfaces.
2019-05-29 06:07:06.575  INFO 3580 --- [    Test worker] trationDelegate$BeanPostProcessorChecker : Bean 'org.springframework.transaction.annotation.ProxyTransactionManagementConfiguration' of type [org.springframework.transaction.annotation.ProxyTransactionManagementConfiguration$$EnhancerBySpringCGLIB$$10d63703] is not eligible for getting processed by all BeanPostProcessors (for example: not eligible for auto-proxying)
2019-05-29 06:07:07.065  INFO 3580 --- [    Test worker] com.zaxxer.hikari.HikariDataSource       : HikariPool-1 - Starting...
2019-05-29 06:07:07.449  INFO 3580 --- [    Test worker] com.zaxxer.hikari.HikariDataSource       : HikariPool-1 - Start completed.
2019-05-29 06:07:07.684  INFO 3580 --- [    Test worker] o.hibernate.jpa.internal.util.LogHelper  : HHH000204: Processing PersistenceUnitInfo [
	name: default
	...]
2019-05-29 06:07:07.972  INFO 3580 --- [    Test worker] org.hibernate.Version                    : HHH000412: Hibernate Core {5.3.9.Final}
2019-05-29 06:07:07.976  INFO 3580 --- [    Test worker] org.hibernate.cfg.Environment            : HHH000206: hibernate.properties not found
2019-05-29 06:07:08.132  INFO 3580 --- [    Test worker] o.hibernate.annotations.common.Version   : HCANN000001: Hibernate Commons Annotations {5.0.4.Final}
2019-05-29 06:07:08.610  INFO 3580 --- [    Test worker] org.hibernate.dialect.Dialect            : HHH000400: Using dialect: org.hibernate.dialect.H2Dialect
2019-05-29 06:07:09.172  INFO 3580 --- [    Test worker] org.hibernate.tuple.PojoInstantiator     : HHH000182: No default (no-argument) constructor for class: timecurvemanager.infrastructure.persistence.balance.ApprovedBalanceEntityIdent (class must be instantiated by Interceptor)
2019-05-29 06:07:09.176  WARN 3580 --- [    Test worker] org.hibernate.mapping.RootClass          : HHH000038: Composite-id class does not override equals(): timecurvemanager.infrastructure.persistence.balance.ApprovedBalanceEntityIdent
2019-05-29 06:07:09.176  WARN 3580 --- [    Test worker] org.hibernate.mapping.RootClass          : HHH000039: Composite-id class does not override hashCode(): timecurvemanager.infrastructure.persistence.balance.ApprovedBalanceEntityIdent
2019-05-29 06:07:09.680  INFO 3580 --- [    Test worker] org.hibernate.tuple.PojoInstantiator     : HHH000182: No default (no-argument) constructor for class: timecurvemanager.infrastructure.persistence.event.EventEntity (class must be instantiated by Interceptor)
2019-05-29 06:07:09.701  INFO 3580 --- [    Test worker] org.hibernate.tuple.PojoInstantiator     : HHH000182: No default (no-argument) constructor for class: timecurvemanager.infrastructure.persistence.event.EventItemEntity (class must be instantiated by Interceptor)
2019-05-29 06:07:09.719  INFO 3580 --- [    Test worker] org.hibernate.tuple.PojoInstantiator     : HHH000182: No default (no-argument) constructor for class: timecurvemanager.infrastructure.persistence.balance.ApprovedBalanceEntity (class must be instantiated by Interceptor)
2019-05-29 06:07:09.980  INFO 3580 --- [    Test worker] o.h.t.schema.internal.SchemaCreatorImpl  : HHH000476: Executing import script 'org.hibernate.tool.schema.internal.exec.ScriptSourceInputNonExistentImpl@65fb245e'
2019-05-29 06:07:09.985  INFO 3580 --- [    Test worker] j.LocalContainerEntityManagerFactoryBean : Initialized JPA EntityManagerFactory for persistence unit 'default'
2019-05-29 06:07:12.632  INFO 3580 --- [    Test worker] o.s.s.concurrent.ThreadPoolTaskExecutor  : Initializing ExecutorService 'applicationTaskExecutor'
2019-05-29 06:07:12.757  WARN 3580 --- [    Test worker] aWebConfiguration$JpaWebMvcConfiguration : spring.jpa.open-in-view is enabled by default. Therefore, database queries may be performed during view rendering. Explicitly configure spring.jpa.open-in-view to disable this warning
2019-05-29 06:07:14.498  INFO 3580 --- [    Test worker] o.s.b.t.m.w.SpringBootMockServletContext : Initializing Spring TestDispatcherServlet ''
2019-05-29 06:07:14.499  INFO 3580 --- [    Test worker] o.s.t.web.servlet.TestDispatcherServlet  : Initializing Servlet ''
2019-05-29 06:07:14.551  INFO 3580 --- [    Test worker] o.s.b.a.e.web.EndpointLinksResolver      : Exposing 2 endpoint(s) beneath base path '/actuator'
2019-05-29 06:07:14.668  INFO 3580 --- [    Test worker] o.s.t.web.servlet.TestDispatcherServlet  : Completed initialization in 168 ms
2019-05-29 06:07:14.813  INFO 3580 --- [    Test worker] t.TimecurveObjectIntegrationTests        : Started TimecurveObjectIntegrationTests in 12.828 seconds (JVM running for 16.399)
2019-05-29 06:07:15.008  INFO 3580 --- [    Test worker] t.TimecurveManagerApplication            : Timecurves found with findAll():
2019-05-29 06:07:15.008  INFO 3580 --- [    Test worker] t.TimecurveManagerApplication            : -------------------------------
2019-05-29 06:07:15.052  INFO 3580 --- [    Test worker] o.h.h.i.QueryTranslatorFactoryInitiator  : HHH000397: Using ASTQueryTranslatorFactory
2019-05-29 06:07:15.308  INFO 3580 --- [    Test worker] t.TimecurveManagerApplication            : TimecurveObject{id=1, tenantId='AAA', tag='share1chf', name='Share 1 CHF', valueType=CURRENCY, valueTag='CHF', clearingReference='null'}
2019-05-29 06:07:15.309  INFO 3580 --- [    Test worker] t.TimecurveManagerApplication            : TimecurveObject{id=2, tenantId='AAA', tag='share2eur', name='Share 2 EUR', valueType=CURRENCY, valueTag='CHF', clearingReference='null'}
2019-05-29 06:07:15.309  INFO 3580 --- [    Test worker] t.TimecurveManagerApplication            : TimecurveObject{id=3, tenantId='AAA', tag='bond1chf', name='Bond 1 CHF', valueType=CURRENCY, valueTag='CHF', clearingReference='null'}
2019-05-29 06:07:15.309  INFO 3580 --- [    Test worker] t.TimecurveManagerApplication            : TimecurveObject{id=4, tenantId='AAA', tag='macc1eur', name='Money Account 1 CHF', valueType=CURRENCY, valueTag='CHF', clearingReference='CHF'}
2019-05-29 06:07:15.309  INFO 3580 --- [    Test worker] t.TimecurveManagerApplication            : TimecurveObject{id=5, tenantId='AAA', tag='macc2chf', name='Money Account 2 CHF', valueType=CURRENCY, valueTag='CHF', clearingReference='CHF'}
2019-05-29 06:07:15.310  INFO 3580 --- [    Test worker] t.TimecurveManagerApplication            : 
2019-05-29 06:07:15.325  INFO 3580 --- [    Test worker] t.TimecurveManagerApplication            : TimecurveObject found with findById(1L):
2019-05-29 06:07:15.325  INFO 3580 --- [    Test worker] t.TimecurveManagerApplication            : --------------------------------
2019-05-29 06:07:15.325  INFO 3580 --- [    Test worker] t.TimecurveManagerApplication            : TimecurveObject{id=1, tenantId='AAA', tag='share1chf', name='Share 1 CHF', valueType=CURRENCY, valueTag='CHF', clearingReference='null'}
2019-05-29 06:07:15.326  INFO 3580 --- [    Test worker] t.TimecurveManagerApplication            : 
2019-05-29 06:07:15.326  INFO 3580 --- [    Test worker] t.TimecurveManagerApplication            : TimecurveObject found with findByName('Share 1 CHF'):
2019-05-29 06:07:15.326  INFO 3580 --- [    Test worker] t.TimecurveManagerApplication            : --------------------------------------------
2019-05-29 06:07:15.380  INFO 3580 --- [    Test worker] t.TimecurveManagerApplication            : TimecurveObject{id=1, tenantId='AAA', tag='share1chf', name='Share 1 CHF', valueType=CURRENCY, valueTag='CHF', clearingReference='null'}
2019-05-29 06:07:15.389  INFO 3580 --- [    Test worker] t.TimecurveManagerApplication            : 
2019-05-29 06:07:15.432  INFO 3580 --- [    Test worker] o.s.b.t.m.w.SpringBootMockServletContext : Initializing Spring TestDispatcherServlet ''
2019-05-29 06:07:15.433  INFO 3580 --- [    Test worker] o.s.t.web.servlet.TestDispatcherServlet  : Initializing Servlet ''
2019-05-29 06:07:15.439  INFO 3580 --- [    Test worker] o.s.t.web.servlet.TestDispatcherServlet  : Completed initialization in 6 ms
2019-05-29 06:07:15.761  INFO 3580 --- [    Test worker] o.s.b.t.m.w.SpringBootMockServletContext : Initializing Spring TestDispatcherServlet ''
2019-05-29 06:07:15.762  INFO 3580 --- [    Test worker] o.s.t.web.servlet.TestDispatcherServlet  : Initializing Servlet ''
2019-05-29 06:07:15.767  INFO 3580 --- [    Test worker] o.s.t.web.servlet.TestDispatcherServlet  : Completed initialization in 5 ms
]]></system-out>
  <system-err><![CDATA[]]></system-err>
</testsuite>
