<?xml version="1.0" encoding="UTF-8"?>
<testsuite name="timecurvemanager.TimecurveObjectIntegrationTests" tests="2" skipped="0" failures="0" errors="0" timestamp="2019-06-29T10:13:17" hostname="CHRIS-SURFACE" time="0.208">
  <properties/>
  <testcase name="givenTimecurvesGetAll" classname="timecurvemanager.TimecurveObjectIntegrationTests" time="0.105"/>
  <testcase name="givenTimecurveFindByNameAndLabel" classname="timecurvemanager.TimecurveObjectIntegrationTests" time="0.101"/>
  <system-out><![CDATA[2019-06-29 12:13:17.483  INFO 324 --- [    Test worker] .b.t.c.SpringBootTestContextBootstrapper : Neither @ContextConfiguration nor @ContextHierarchy found for test class [timecurvemanager.TimecurveObjectIntegrationTests], using SpringBootContextLoader
2019-06-29 12:13:17.483  INFO 324 --- [    Test worker] o.s.t.c.support.AbstractContextLoader    : Could not detect default resource locations for test class [timecurvemanager.TimecurveObjectIntegrationTests]: no resource found for suffixes {-context.xml, Context.groovy}.
2019-06-29 12:13:17.483  INFO 324 --- [    Test worker] t.c.s.AnnotationConfigContextLoaderUtils : Could not detect default configuration classes for test class [timecurvemanager.TimecurveObjectIntegrationTests]: TimecurveObjectIntegrationTests does not declare any static, non-private, non-final, nested classes annotated with @Configuration.
2019-06-29 12:13:17.501  INFO 324 --- [    Test worker] .b.t.c.SpringBootTestContextBootstrapper : Found @SpringBootConfiguration timecurvemanager.TimecurveManagerApplication for test class timecurvemanager.TimecurveObjectIntegrationTests
2019-06-29 12:13:17.505  INFO 324 --- [    Test worker] .b.t.c.SpringBootTestContextBootstrapper : Loaded default TestExecutionListener class names from location [META-INF/spring.factories]: [org.springframework.boot.test.autoconfigure.restdocs.RestDocsTestExecutionListener, org.springframework.boot.test.autoconfigure.web.client.MockRestServiceServerResetTestExecutionListener, org.springframework.boot.test.autoconfigure.web.servlet.MockMvcPrintOnlyOnFailureTestExecutionListener, org.springframework.boot.test.autoconfigure.web.servlet.WebDriverTestExecutionListener, org.springframework.boot.test.mock.mockito.MockitoTestExecutionListener, org.springframework.boot.test.mock.mockito.ResetMocksTestExecutionListener, org.springframework.test.context.web.ServletTestExecutionListener, org.springframework.test.context.support.DirtiesContextBeforeModesTestExecutionListener, org.springframework.test.context.support.DependencyInjectionTestExecutionListener, org.springframework.test.context.support.DirtiesContextTestExecutionListener, org.springframework.test.context.transaction.TransactionalTestExecutionListener, org.springframework.test.context.jdbc.SqlScriptsTestExecutionListener]
2019-06-29 12:13:17.505  INFO 324 --- [    Test worker] .b.t.c.SpringBootTestContextBootstrapper : Using TestExecutionListeners: [org.springframework.test.context.web.ServletTestExecutionListener@6093a94f, org.springframework.test.context.support.DirtiesContextBeforeModesTestExecutionListener@4ffbe4f5, org.springframework.boot.test.mock.mockito.MockitoTestExecutionListener@2b4b8fc1, org.springframework.boot.test.autoconfigure.SpringBootDependencyInjectionTestExecutionListener@15a708f0, org.springframework.test.context.support.DirtiesContextTestExecutionListener@688312da, org.springframework.test.context.transaction.TransactionalTestExecutionListener@78cf8f73, org.springframework.test.context.jdbc.SqlScriptsTestExecutionListener@f0d222c, org.springframework.boot.test.autoconfigure.restdocs.RestDocsTestExecutionListener@22404bb5, org.springframework.boot.test.autoconfigure.web.client.MockRestServiceServerResetTestExecutionListener@522588e5, org.springframework.boot.test.autoconfigure.web.servlet.MockMvcPrintOnlyOnFailureTestExecutionListener@561531c5, org.springframework.boot.test.autoconfigure.web.servlet.WebDriverTestExecutionListener@306f6569, org.springframework.boot.test.mock.mockito.ResetMocksTestExecutionListener@10d29d32]
]]></system-out>
  <system-err><![CDATA[]]></system-err>
</testsuite>
