<?xml version="1.0" encoding="UTF-8"?>
<testsuite name="timecurvemanager.BookingControllerTests" tests="1" skipped="0" failures="0" errors="0" timestamp="2019-09-06T05:07:30" hostname="CHRIS-SURFACE" time="0.297">
  <properties/>
  <testcase name="givenDimensionGetAllEvents" classname="timecurvemanager.BookingControllerTests" time="0.297"/>
  <system-out><![CDATA[07:07:14.213 [Test worker] DEBUG org.springframework.test.context.junit4.SpringJUnit4ClassRunner - SpringJUnit4ClassRunner constructor called with [class timecurvemanager.BookingControllerTests]
07:07:14.222 [Test worker] DEBUG org.springframework.test.context.BootstrapUtils - Instantiating CacheAwareContextLoaderDelegate from class [org.springframework.test.context.cache.DefaultCacheAwareContextLoaderDelegate]
07:07:14.232 [Test worker] DEBUG org.springframework.test.context.BootstrapUtils - Instantiating BootstrapContext using constructor [public org.springframework.test.context.support.DefaultBootstrapContext(java.lang.Class,org.springframework.test.context.CacheAwareContextLoaderDelegate)]
07:07:14.268 [Test worker] DEBUG org.springframework.test.context.BootstrapUtils - Instantiating TestContextBootstrapper for test class [timecurvemanager.BookingControllerTests] from class [org.springframework.boot.test.context.SpringBootTestContextBootstrapper]
07:07:14.290 [Test worker] INFO org.springframework.boot.test.context.SpringBootTestContextBootstrapper - Neither @ContextConfiguration nor @ContextHierarchy found for test class [timecurvemanager.BookingControllerTests], using SpringBootContextLoader
07:07:14.295 [Test worker] DEBUG org.springframework.test.context.support.AbstractContextLoader - Did not detect default resource location for test class [timecurvemanager.BookingControllerTests]: class path resource [timecurvemanager/BookingControllerTests-context.xml] does not exist
07:07:14.296 [Test worker] DEBUG org.springframework.test.context.support.AbstractContextLoader - Did not detect default resource location for test class [timecurvemanager.BookingControllerTests]: class path resource [timecurvemanager/BookingControllerTestsContext.groovy] does not exist
07:07:14.297 [Test worker] INFO org.springframework.test.context.support.AbstractContextLoader - Could not detect default resource locations for test class [timecurvemanager.BookingControllerTests]: no resource found for suffixes {-context.xml, Context.groovy}.
07:07:14.298 [Test worker] INFO org.springframework.test.context.support.AnnotationConfigContextLoaderUtils - Could not detect default configuration classes for test class [timecurvemanager.BookingControllerTests]: BookingControllerTests does not declare any static, non-private, non-final, nested classes annotated with @Configuration.
07:07:14.405 [Test worker] DEBUG org.springframework.test.context.support.ActiveProfilesUtils - Could not find an 'annotation declaring class' for annotation type [org.springframework.test.context.ActiveProfiles] and class [timecurvemanager.BookingControllerTests]
07:07:14.533 [Test worker] DEBUG org.springframework.context.annotation.ClassPathScanningCandidateComponentProvider - Identified candidate component class: file [C:\dev\timecurve\manager\build\classes\java\main\timecurvemanager\TimecurveManagerApplication.class]
07:07:14.535 [Test worker] INFO org.springframework.boot.test.context.SpringBootTestContextBootstrapper - Found @SpringBootConfiguration timecurvemanager.TimecurveManagerApplication for test class timecurvemanager.BookingControllerTests
07:07:14.736 [Test worker] DEBUG org.springframework.boot.test.context.SpringBootTestContextBootstrapper - @TestExecutionListeners is not present for class [timecurvemanager.BookingControllerTests]: using defaults.
07:07:14.738 [Test worker] INFO org.springframework.boot.test.context.SpringBootTestContextBootstrapper - Loaded default TestExecutionListener class names from location [META-INF/spring.factories]: [org.springframework.boot.test.autoconfigure.restdocs.RestDocsTestExecutionListener, org.springframework.boot.test.autoconfigure.web.client.MockRestServiceServerResetTestExecutionListener, org.springframework.boot.test.autoconfigure.web.servlet.MockMvcPrintOnlyOnFailureTestExecutionListener, org.springframework.boot.test.autoconfigure.web.servlet.WebDriverTestExecutionListener, org.springframework.boot.test.mock.mockito.MockitoTestExecutionListener, org.springframework.boot.test.mock.mockito.ResetMocksTestExecutionListener, org.springframework.test.context.web.ServletTestExecutionListener, org.springframework.test.context.support.DirtiesContextBeforeModesTestExecutionListener, org.springframework.test.context.support.DependencyInjectionTestExecutionListener, org.springframework.test.context.support.DirtiesContextTestExecutionListener, org.springframework.test.context.transaction.TransactionalTestExecutionListener, org.springframework.test.context.jdbc.SqlScriptsTestExecutionListener]
07:07:14.772 [Test worker] INFO org.springframework.boot.test.context.SpringBootTestContextBootstrapper - Using TestExecutionListeners: [org.springframework.test.context.web.ServletTestExecutionListener@6cf15b9f, org.springframework.test.context.support.DirtiesContextBeforeModesTestExecutionListener@40cea0e9, org.springframework.boot.test.mock.mockito.MockitoTestExecutionListener@15a65b6c, org.springframework.boot.test.autoconfigure.SpringBootDependencyInjectionTestExecutionListener@5e9d5337, org.springframework.test.context.support.DirtiesContextTestExecutionListener@38d6c6d8, org.springframework.test.context.transaction.TransactionalTestExecutionListener@d2af0c3, org.springframework.test.context.jdbc.SqlScriptsTestExecutionListener@2a70a731, org.springframework.boot.test.autoconfigure.restdocs.RestDocsTestExecutionListener@1e405da3, org.springframework.boot.test.autoconfigure.web.client.MockRestServiceServerResetTestExecutionListener@10aea8b5, org.springframework.boot.test.autoconfigure.web.servlet.MockMvcPrintOnlyOnFailureTestExecutionListener@4ad8fe8b, org.springframework.boot.test.autoconfigure.web.servlet.WebDriverTestExecutionListener@65be91ce, org.springframework.boot.test.mock.mockito.ResetMocksTestExecutionListener@798f759f]
07:07:14.777 [Test worker] DEBUG org.springframework.test.annotation.ProfileValueUtils - Retrieved @ProfileValueSourceConfiguration [null] for test class [timecurvemanager.BookingControllerTests]
07:07:14.777 [Test worker] DEBUG org.springframework.test.annotation.ProfileValueUtils - Retrieved ProfileValueSource type [class org.springframework.test.annotation.SystemProfileValueSource] for class [timecurvemanager.BookingControllerTests]
07:07:14.778 [Test worker] DEBUG org.springframework.test.annotation.ProfileValueUtils - Retrieved @ProfileValueSourceConfiguration [null] for test class [timecurvemanager.BookingControllerTests]
07:07:14.778 [Test worker] DEBUG org.springframework.test.annotation.ProfileValueUtils - Retrieved ProfileValueSource type [class org.springframework.test.annotation.SystemProfileValueSource] for class [timecurvemanager.BookingControllerTests]
07:07:14.783 [Test worker] DEBUG org.springframework.test.context.support.AbstractDirtiesContextTestExecutionListener - Before test class: context [DefaultTestContext@71d536b0 testClass = BookingControllerTests, testInstance = [null], testMethod = [null], testException = [null], mergedContextConfiguration = [WebMergedContextConfiguration@72fc3eab testClass = BookingControllerTests, locations = '{}', classes = '{class timecurvemanager.TimecurveManagerApplication}', contextInitializerClasses = '[]', activeProfiles = '{}', propertySourceLocations = '{}', propertySourceProperties = '{org.springframework.boot.test.context.SpringBootTestContextBootstrapper=true}', contextCustomizers = set[org.springframework.boot.test.autoconfigure.properties.PropertyMappingContextCustomizer@e7e8512, org.springframework.boot.test.autoconfigure.web.servlet.WebDriverContextCustomizerFactory$Customizer@2134b14, [ImportsContextCustomizer@2b825b00 key = [org.springframework.boot.test.autoconfigure.web.servlet.MockMvcAutoConfiguration, org.springframework.boot.test.autoconfigure.web.servlet.MockMvcSecurityAutoConfiguration, org.springframework.boot.test.autoconfigure.web.servlet.MockMvcWebClientAutoConfiguration, org.springframework.boot.test.autoconfigure.web.servlet.MockMvcWebDriverAutoConfiguration]], org.springframework.boot.test.context.filter.ExcludeFilterContextCustomizer@665b3e1c, org.springframework.boot.test.json.DuplicateJsonObjectContextCustomizerFactory$DuplicateJsonObjectContextCustomizer@3856388b, org.springframework.boot.test.mock.mockito.MockitoContextCustomizer@0, org.springframework.boot.test.web.client.TestRestTemplateContextCustomizer@738ac707], resourceBasePath = 'src/main/webapp', contextLoader = 'org.springframework.boot.test.context.SpringBootContextLoader', parent = [null]], attributes = map['org.springframework.test.context.web.ServletTestExecutionListener.activateListener' -> true]], class annotated with @DirtiesContext [false] with mode [null].
07:07:14.784 [Test worker] DEBUG org.springframework.test.annotation.ProfileValueUtils - Retrieved @ProfileValueSourceConfiguration [null] for test class [timecurvemanager.BookingControllerTests]
07:07:14.784 [Test worker] DEBUG org.springframework.test.annotation.ProfileValueUtils - Retrieved ProfileValueSource type [class org.springframework.test.annotation.SystemProfileValueSource] for class [timecurvemanager.BookingControllerTests]
07:07:14.814 [Test worker] DEBUG org.springframework.test.context.support.TestPropertySourceUtils - Adding inlined properties to environment: {spring.jmx.enabled=false, org.springframework.boot.test.context.SpringBootTestContextBootstrapper=true, server.port=-1}

  .   ____          _            __ _ _
 /\\ / ___'_ __ _ _(_)_ __  __ _ \ \ \ \
( ( )\___ | '_ | '_| | '_ \/ _` | \ \ \ \
 \\/  ___)| |_)| | | | | || (_| |  ) ) ) )
  '  |____| .__|_| |_|_| |_\__, | / / / /
 =========|_|==============|___/=/_/_/_/
 :: Spring Boot ::        (v2.1.5.RELEASE)

2019-09-06 07:07:15.508  INFO 3344 --- [    Test worker] timecurvemanager.BookingControllerTests  : Starting BookingControllerTests on CHRIS-SURFACE with PID 3344 (started by chris in C:\dev\timecurve\manager)
2019-09-06 07:07:15.521  INFO 3344 --- [    Test worker] timecurvemanager.BookingControllerTests  : The following profiles are active: test
2019-09-06 07:07:18.482  INFO 3344 --- [    Test worker] .s.d.r.c.RepositoryConfigurationDelegate : Bootstrapping Spring Data repositories in DEFAULT mode.
2019-09-06 07:07:18.760  INFO 3344 --- [    Test worker] .s.d.r.c.RepositoryConfigurationDelegate : Finished Spring Data repository scanning in 223ms. Found 7 repository interfaces.
2019-09-06 07:07:20.032  INFO 3344 --- [    Test worker] trationDelegate$BeanPostProcessorChecker : Bean 'org.springframework.kafka.annotation.KafkaBootstrapConfiguration' of type [org.springframework.kafka.annotation.KafkaBootstrapConfiguration$$EnhancerBySpringCGLIB$$d644feff] is not eligible for getting processed by all BeanPostProcessors (for example: not eligible for auto-proxying)
2019-09-06 07:07:20.172  INFO 3344 --- [    Test worker] trationDelegate$BeanPostProcessorChecker : Bean 'org.springframework.transaction.annotation.ProxyTransactionManagementConfiguration' of type [org.springframework.transaction.annotation.ProxyTransactionManagementConfiguration$$EnhancerBySpringCGLIB$$292ed7c] is not eligible for getting processed by all BeanPostProcessors (for example: not eligible for auto-proxying)
2019-09-06 07:07:20.268  INFO 3344 --- [    Test worker] trationDelegate$BeanPostProcessorChecker : Bean 'org.springframework.hateoas.config.HateoasConfiguration' of type [org.springframework.hateoas.config.HateoasConfiguration$$EnhancerBySpringCGLIB$$82133aae] is not eligible for getting processed by all BeanPostProcessors (for example: not eligible for auto-proxying)
2019-09-06 07:07:20.650  INFO 3344 --- [    Test worker] com.zaxxer.hikari.HikariDataSource       : HikariPool-1 - Starting...
2019-09-06 07:07:21.009  INFO 3344 --- [    Test worker] com.zaxxer.hikari.HikariDataSource       : HikariPool-1 - Start completed.
2019-09-06 07:07:21.269  INFO 3344 --- [    Test worker] o.hibernate.jpa.internal.util.LogHelper  : HHH000204: Processing PersistenceUnitInfo [
	name: default
	...]
2019-09-06 07:07:21.427  INFO 3344 --- [    Test worker] org.hibernate.Version                    : HHH000412: Hibernate Core {5.3.10.Final}
2019-09-06 07:07:21.431  INFO 3344 --- [    Test worker] org.hibernate.cfg.Environment            : HHH000206: hibernate.properties not found
2019-09-06 07:07:21.543  INFO 3344 --- [    Test worker] o.hibernate.annotations.common.Version   : HCANN000001: Hibernate Commons Annotations {5.0.4.Final}
2019-09-06 07:07:21.911  INFO 3344 --- [    Test worker] org.hibernate.dialect.Dialect            : HHH000400: Using dialect: org.hibernate.dialect.H2Dialect
2019-09-06 07:07:23.407  INFO 3344 --- [    Test worker] o.h.t.schema.internal.SchemaCreatorImpl  : HHH000476: Executing import script 'org.hibernate.tool.schema.internal.exec.ScriptSourceInputNonExistentImpl@640f0af3'
2019-09-06 07:07:23.412  INFO 3344 --- [    Test worker] j.LocalContainerEntityManagerFactoryBean : Initialized JPA EntityManagerFactory for persistence unit 'default'
2019-09-06 07:07:24.297  INFO 3344 --- [    Test worker] o.h.h.i.QueryTranslatorFactoryInitiator  : HHH000397: Using ASTQueryTranslatorFactory
2019-09-06 07:07:27.171  INFO 3344 --- [    Test worker] o.s.s.concurrent.ThreadPoolTaskExecutor  : Initializing ExecutorService 'applicationTaskExecutor'
2019-09-06 07:07:27.310  WARN 3344 --- [    Test worker] aWebConfiguration$JpaWebMvcConfiguration : spring.jpa.open-in-view is enabled by default. Therefore, database queries may be performed during view rendering. Explicitly configure spring.jpa.open-in-view to disable this warning
2019-09-06 07:07:29.430  INFO 3344 --- [    Test worker] o.s.b.t.m.w.SpringBootMockServletContext : Initializing Spring TestDispatcherServlet ''
2019-09-06 07:07:29.430  INFO 3344 --- [    Test worker] o.s.t.web.servlet.TestDispatcherServlet  : Initializing Servlet ''
2019-09-06 07:07:29.480  INFO 3344 --- [    Test worker] o.s.b.a.e.web.EndpointLinksResolver      : Exposing 2 endpoint(s) beneath base path '/actuator'
2019-09-06 07:07:29.571  INFO 3344 --- [    Test worker] o.s.t.web.servlet.TestDispatcherServlet  : Completed initialization in 140 ms
2019-09-06 07:07:29.696  INFO 3344 --- [    Test worker] timecurvemanager.BookingControllerTests  : Started BookingControllerTests in 14.868 seconds (JVM running for 20.776)
2019-09-06 07:07:29.948  INFO 3344 --- [    Test worker] t.TimecurveManagerApplication            : Timecurves found with findAll():
2019-09-06 07:07:29.949  INFO 3344 --- [    Test worker] t.TimecurveManagerApplication            : -------------------------------
2019-09-06 07:07:29.997  INFO 3344 --- [    Test worker] t.TimecurveManagerApplication            : Timecurve(id=2, tenantId=AAA, name=pos, clearingReference=CHF, needBalanceApproval=false, timecurveRelations=[])
2019-09-06 07:07:29.998  INFO 3344 --- [    Test worker] t.TimecurveManagerApplication            : Timecurve(id=5, tenantId=AAA, name=pos, clearingReference=CHF, needBalanceApproval=true, timecurveRelations=[])
2019-09-06 07:07:29.998  INFO 3344 --- [    Test worker] t.TimecurveManagerApplication            : Timecurve(id=8, tenantId=AAA, name=pos, clearingReference=CHF, needBalanceApproval=true, timecurveRelations=[])
2019-09-06 07:07:30.059  INFO 3344 --- [    Test worker] t.b.i.m.b.BookingMessagingTestImpl       : Publish Test Booking Domian Event
2019-09-06 07:07:30.103  INFO 3344 --- [    Test worker] t.b.application.ApprovedBalanceService   : NEW BAL: 1000 NEW TOVER: 1000
2019-09-06 07:07:30.105  INFO 3344 --- [    Test worker] t.b.application.ApprovedBalanceService   : UPDATE BALANCE: 1000 : 1000
2019-09-06 07:07:30.128  INFO 3344 --- [    Test worker] t.TimecurveManagerApplication            : booking id: 10 bookingExtId: 1
2019-09-06 07:07:30.143  INFO 3344 --- [    Test worker] t.b.i.m.b.BookingMessagingTestImpl       : Publish Test Booking Domian Event
2019-09-06 07:07:30.148  INFO 3344 --- [    Test worker] t.b.application.ApprovedBalanceService   : NEW BAL: 1001 NEW TOVER: 1001
2019-09-06 07:07:30.148  INFO 3344 --- [    Test worker] t.b.application.ApprovedBalanceService   : UPDATE BALANCE: 1001 : 1001
2019-09-06 07:07:30.158  INFO 3344 --- [    Test worker] t.TimecurveManagerApplication            : booking id: 14 bookingExtId: 2
2019-09-06 07:07:30.215  INFO 3344 --- [    Test worker] t.b.i.m.b.BookingMessagingTestImpl       : Publish Test Booking Domian Event
2019-09-06 07:07:30.222  INFO 3344 --- [    Test worker] t.b.application.ApprovedBalanceService   : NEW BAL: 0.00 NEW TOVER: -1001.00
2019-09-06 07:07:30.224  INFO 3344 --- [    Test worker] t.b.application.ApprovedBalanceService   : NEW BAL: 1010.00 NEW TOVER: 9.00
2019-09-06 07:07:30.225  INFO 3344 --- [    Test worker] t.b.application.ApprovedBalanceService   : UPDATE BALANCE: 1010.00 : 9.00
2019-09-06 07:07:30.248  INFO 3344 --- [    Test worker] t.TimecurveManagerApplication            : booking id: 21 bookingExtId: 2
2019-09-06 07:07:30.249  INFO 3344 --- [    Test worker] t.TimecurveManagerApplication            : Active Profile: test
2019-09-06 07:07:30.257  INFO 3344 --- [    Test worker] t.TimecurveManagerApplication            : GSN: 18145 sec: 25650
2019-09-06 07:07:30.258  INFO 3344 --- [    Test worker] t.TimecurveManagerApplication            : GSN: 1814525650
]]></system-out>
  <system-err><![CDATA[]]></system-err>
</testsuite>
