<?xml version="1.0" encoding="UTF-8"?>
<testsuite name="timecurvemanager.EventControllerTests" tests="1" skipped="0" failures="0" errors="0" timestamp="2019-07-16T04:29:46" hostname="CHRIS-SURFACE" time="0.305">
  <properties/>
  <testcase name="givenDimensionGetAllEvents" classname="timecurvemanager.EventControllerTests" time="0.305"/>
  <system-out><![CDATA[06:29:29.902 [Test worker] DEBUG org.springframework.test.context.junit4.SpringJUnit4ClassRunner - SpringJUnit4ClassRunner constructor called with [class timecurvemanager.EventControllerTests]
06:29:29.902 [Test worker] DEBUG org.springframework.test.context.BootstrapUtils - Instantiating CacheAwareContextLoaderDelegate from class [org.springframework.test.context.cache.DefaultCacheAwareContextLoaderDelegate]
06:29:29.915 [Test worker] DEBUG org.springframework.test.context.BootstrapUtils - Instantiating BootstrapContext using constructor [public org.springframework.test.context.support.DefaultBootstrapContext(java.lang.Class,org.springframework.test.context.CacheAwareContextLoaderDelegate)]
06:29:29.964 [Test worker] DEBUG org.springframework.test.context.BootstrapUtils - Instantiating TestContextBootstrapper for test class [timecurvemanager.EventControllerTests] from class [org.springframework.boot.test.context.SpringBootTestContextBootstrapper]
06:29:29.995 [Test worker] INFO org.springframework.boot.test.context.SpringBootTestContextBootstrapper - Neither @ContextConfiguration nor @ContextHierarchy found for test class [timecurvemanager.EventControllerTests], using SpringBootContextLoader
06:29:29.995 [Test worker] DEBUG org.springframework.test.context.support.AbstractContextLoader - Did not detect default resource location for test class [timecurvemanager.EventControllerTests]: class path resource [timecurvemanager/EventControllerTests-context.xml] does not exist
06:29:29.995 [Test worker] DEBUG org.springframework.test.context.support.AbstractContextLoader - Did not detect default resource location for test class [timecurvemanager.EventControllerTests]: class path resource [timecurvemanager/EventControllerTestsContext.groovy] does not exist
06:29:29.995 [Test worker] INFO org.springframework.test.context.support.AbstractContextLoader - Could not detect default resource locations for test class [timecurvemanager.EventControllerTests]: no resource found for suffixes {-context.xml, Context.groovy}.
06:29:29.995 [Test worker] INFO org.springframework.test.context.support.AnnotationConfigContextLoaderUtils - Could not detect default configuration classes for test class [timecurvemanager.EventControllerTests]: EventControllerTests does not declare any static, non-private, non-final, nested classes annotated with @Configuration.
06:29:30.115 [Test worker] DEBUG org.springframework.test.context.support.ActiveProfilesUtils - Could not find an 'annotation declaring class' for annotation type [org.springframework.test.context.ActiveProfiles] and class [timecurvemanager.EventControllerTests]
06:29:30.252 [Test worker] DEBUG org.springframework.context.annotation.ClassPathScanningCandidateComponentProvider - Identified candidate component class: file [C:\dev\timecurve\manager\build\classes\java\main\timecurvemanager\TimecurveManagerApplication.class]
06:29:30.252 [Test worker] INFO org.springframework.boot.test.context.SpringBootTestContextBootstrapper - Found @SpringBootConfiguration timecurvemanager.TimecurveManagerApplication for test class timecurvemanager.EventControllerTests
06:29:30.449 [Test worker] DEBUG org.springframework.boot.test.context.SpringBootTestContextBootstrapper - @TestExecutionListeners is not present for class [timecurvemanager.EventControllerTests]: using defaults.
06:29:30.449 [Test worker] INFO org.springframework.boot.test.context.SpringBootTestContextBootstrapper - Loaded default TestExecutionListener class names from location [META-INF/spring.factories]: [org.springframework.boot.test.autoconfigure.restdocs.RestDocsTestExecutionListener, org.springframework.boot.test.autoconfigure.web.client.MockRestServiceServerResetTestExecutionListener, org.springframework.boot.test.autoconfigure.web.servlet.MockMvcPrintOnlyOnFailureTestExecutionListener, org.springframework.boot.test.autoconfigure.web.servlet.WebDriverTestExecutionListener, org.springframework.boot.test.mock.mockito.MockitoTestExecutionListener, org.springframework.boot.test.mock.mockito.ResetMocksTestExecutionListener, org.springframework.test.context.web.ServletTestExecutionListener, org.springframework.test.context.support.DirtiesContextBeforeModesTestExecutionListener, org.springframework.test.context.support.DependencyInjectionTestExecutionListener, org.springframework.test.context.support.DirtiesContextTestExecutionListener, org.springframework.test.context.transaction.TransactionalTestExecutionListener, org.springframework.test.context.jdbc.SqlScriptsTestExecutionListener]
06:29:30.480 [Test worker] INFO org.springframework.boot.test.context.SpringBootTestContextBootstrapper - Using TestExecutionListeners: [org.springframework.test.context.web.ServletTestExecutionListener@15a65b6c, org.springframework.test.context.support.DirtiesContextBeforeModesTestExecutionListener@5e9d5337, org.springframework.boot.test.mock.mockito.MockitoTestExecutionListener@38d6c6d8, org.springframework.boot.test.autoconfigure.SpringBootDependencyInjectionTestExecutionListener@d2af0c3, org.springframework.test.context.support.DirtiesContextTestExecutionListener@2a70a731, org.springframework.test.context.transaction.TransactionalTestExecutionListener@1e405da3, org.springframework.test.context.jdbc.SqlScriptsTestExecutionListener@10aea8b5, org.springframework.boot.test.autoconfigure.restdocs.RestDocsTestExecutionListener@4ad8fe8b, org.springframework.boot.test.autoconfigure.web.client.MockRestServiceServerResetTestExecutionListener@65be91ce, org.springframework.boot.test.autoconfigure.web.servlet.MockMvcPrintOnlyOnFailureTestExecutionListener@798f759f, org.springframework.boot.test.autoconfigure.web.servlet.WebDriverTestExecutionListener@1c81811b, org.springframework.boot.test.mock.mockito.ResetMocksTestExecutionListener@112008a6]
06:29:30.496 [Test worker] DEBUG org.springframework.test.annotation.ProfileValueUtils - Retrieved @ProfileValueSourceConfiguration [null] for test class [timecurvemanager.EventControllerTests]
06:29:30.496 [Test worker] DEBUG org.springframework.test.annotation.ProfileValueUtils - Retrieved ProfileValueSource type [class org.springframework.test.annotation.SystemProfileValueSource] for class [timecurvemanager.EventControllerTests]
06:29:30.496 [Test worker] DEBUG org.springframework.test.annotation.ProfileValueUtils - Retrieved @ProfileValueSourceConfiguration [null] for test class [timecurvemanager.EventControllerTests]
06:29:30.496 [Test worker] DEBUG org.springframework.test.annotation.ProfileValueUtils - Retrieved ProfileValueSource type [class org.springframework.test.annotation.SystemProfileValueSource] for class [timecurvemanager.EventControllerTests]
06:29:30.516 [Test worker] DEBUG org.springframework.test.context.support.AbstractDirtiesContextTestExecutionListener - Before test class: context [DefaultTestContext@2b825b00 testClass = EventControllerTests, testInstance = [null], testMethod = [null], testException = [null], mergedContextConfiguration = [WebMergedContextConfiguration@9948e15 testClass = EventControllerTests, locations = '{}', classes = '{class timecurvemanager.TimecurveManagerApplication}', contextInitializerClasses = '[]', activeProfiles = '{}', propertySourceLocations = '{}', propertySourceProperties = '{org.springframework.boot.test.context.SpringBootTestContextBootstrapper=true}', contextCustomizers = set[org.springframework.boot.test.autoconfigure.properties.PropertyMappingContextCustomizer@e7e8512, org.springframework.boot.test.autoconfigure.web.servlet.WebDriverContextCustomizerFactory$Customizer@2134b14, [ImportsContextCustomizer@51ac4921 key = [org.springframework.boot.test.autoconfigure.web.servlet.MockMvcAutoConfiguration, org.springframework.boot.test.autoconfigure.web.servlet.MockMvcSecurityAutoConfiguration, org.springframework.boot.test.autoconfigure.web.servlet.MockMvcWebClientAutoConfiguration, org.springframework.boot.test.autoconfigure.web.servlet.MockMvcWebDriverAutoConfiguration]], org.springframework.boot.test.context.filter.ExcludeFilterContextCustomizer@665b3e1c, org.springframework.boot.test.json.DuplicateJsonObjectContextCustomizerFactory$DuplicateJsonObjectContextCustomizer@3856388b, org.springframework.boot.test.mock.mockito.MockitoContextCustomizer@0, org.springframework.boot.test.web.client.TestRestTemplateContextCustomizer@738ac707], resourceBasePath = 'src/main/webapp', contextLoader = 'org.springframework.boot.test.context.SpringBootContextLoader', parent = [null]], attributes = map['org.springframework.test.context.web.ServletTestExecutionListener.activateListener' -> true]], class annotated with @DirtiesContext [false] with mode [null].
06:29:30.516 [Test worker] DEBUG org.springframework.test.annotation.ProfileValueUtils - Retrieved @ProfileValueSourceConfiguration [null] for test class [timecurvemanager.EventControllerTests]
06:29:30.516 [Test worker] DEBUG org.springframework.test.annotation.ProfileValueUtils - Retrieved ProfileValueSource type [class org.springframework.test.annotation.SystemProfileValueSource] for class [timecurvemanager.EventControllerTests]
06:29:30.567 [Test worker] DEBUG org.springframework.test.context.support.TestPropertySourceUtils - Adding inlined properties to environment: {spring.jmx.enabled=false, org.springframework.boot.test.context.SpringBootTestContextBootstrapper=true, server.port=-1}

  .   ____          _            __ _ _
 /\\ / ___'_ __ _ _(_)_ __  __ _ \ \ \ \
( ( )\___ | '_ | '_| | '_ \/ _` | \ \ \ \
 \\/  ___)| |_)| | | | | || (_| |  ) ) ) )
  '  |____| .__|_| |_|_| |_\__, | / / / /
 =========|_|==============|___/=/_/_/_/
 :: Spring Boot ::        (v2.1.5.RELEASE)

2019-07-16 06:29:31.337  INFO 14308 --- [    Test worker] timecurvemanager.EventControllerTests    : Starting EventControllerTests on CHRIS-SURFACE with PID 14308 (started by chris in C:\dev\timecurve\manager)
2019-07-16 06:29:31.337  INFO 14308 --- [    Test worker] timecurvemanager.EventControllerTests    : The following profiles are active: test
2019-07-16 06:29:34.031  INFO 14308 --- [    Test worker] .s.d.r.c.RepositoryConfigurationDelegate : Bootstrapping Spring Data repositories in DEFAULT mode.
2019-07-16 06:29:34.303  INFO 14308 --- [    Test worker] .s.d.r.c.RepositoryConfigurationDelegate : Finished Spring Data repository scanning in 251ms. Found 7 repository interfaces.
2019-07-16 06:29:35.549  INFO 14308 --- [    Test worker] trationDelegate$BeanPostProcessorChecker : Bean 'org.springframework.transaction.annotation.ProxyTransactionManagementConfiguration' of type [org.springframework.transaction.annotation.ProxyTransactionManagementConfiguration$$EnhancerBySpringCGLIB$$9a7acae2] is not eligible for getting processed by all BeanPostProcessors (for example: not eligible for auto-proxying)
2019-07-16 06:29:35.646  INFO 14308 --- [    Test worker] trationDelegate$BeanPostProcessorChecker : Bean 'org.springframework.hateoas.config.HateoasConfiguration' of type [org.springframework.hateoas.config.HateoasConfiguration$$EnhancerBySpringCGLIB$$19fb1814] is not eligible for getting processed by all BeanPostProcessors (for example: not eligible for auto-proxying)
2019-07-16 06:29:36.073  INFO 14308 --- [    Test worker] com.zaxxer.hikari.HikariDataSource       : HikariPool-1 - Starting...
2019-07-16 06:29:36.424  INFO 14308 --- [    Test worker] com.zaxxer.hikari.HikariDataSource       : HikariPool-1 - Start completed.
2019-07-16 06:29:36.668  INFO 14308 --- [    Test worker] o.hibernate.jpa.internal.util.LogHelper  : HHH000204: Processing PersistenceUnitInfo [
	name: default
	...]
2019-07-16 06:29:36.820  INFO 14308 --- [    Test worker] org.hibernate.Version                    : HHH000412: Hibernate Core {5.3.10.Final}
2019-07-16 06:29:36.828  INFO 14308 --- [    Test worker] org.hibernate.cfg.Environment            : HHH000206: hibernate.properties not found
2019-07-16 06:29:36.954  INFO 14308 --- [    Test worker] o.hibernate.annotations.common.Version   : HCANN000001: Hibernate Commons Annotations {5.0.4.Final}
2019-07-16 06:29:37.328  INFO 14308 --- [    Test worker] org.hibernate.dialect.Dialect            : HHH000400: Using dialect: org.hibernate.dialect.H2Dialect
2019-07-16 06:29:38.812  INFO 14308 --- [    Test worker] o.h.t.schema.internal.SchemaCreatorImpl  : HHH000476: Executing import script 'org.hibernate.tool.schema.internal.exec.ScriptSourceInputNonExistentImpl@7e59e883'
2019-07-16 06:29:38.828  INFO 14308 --- [    Test worker] j.LocalContainerEntityManagerFactoryBean : Initialized JPA EntityManagerFactory for persistence unit 'default'
2019-07-16 06:29:39.612  INFO 14308 --- [    Test worker] o.h.h.i.QueryTranslatorFactoryInitiator  : HHH000397: Using ASTQueryTranslatorFactory
2019-07-16 06:29:43.283  INFO 14308 --- [    Test worker] o.s.s.concurrent.ThreadPoolTaskExecutor  : Initializing ExecutorService 'applicationTaskExecutor'
2019-07-16 06:29:43.441  WARN 14308 --- [    Test worker] aWebConfiguration$JpaWebMvcConfiguration : spring.jpa.open-in-view is enabled by default. Therefore, database queries may be performed during view rendering. Explicitly configure spring.jpa.open-in-view to disable this warning
2019-07-16 06:29:45.771  INFO 14308 --- [    Test worker] o.s.b.t.m.w.SpringBootMockServletContext : Initializing Spring TestDispatcherServlet ''
2019-07-16 06:29:45.771  INFO 14308 --- [    Test worker] o.s.t.web.servlet.TestDispatcherServlet  : Initializing Servlet ''
2019-07-16 06:29:45.862  INFO 14308 --- [    Test worker] o.s.b.a.e.web.EndpointLinksResolver      : Exposing 2 endpoint(s) beneath base path '/actuator'
2019-07-16 06:29:45.940  INFO 14308 --- [    Test worker] o.s.t.web.servlet.TestDispatcherServlet  : Completed initialization in 169 ms
2019-07-16 06:29:46.036  INFO 14308 --- [    Test worker] timecurvemanager.EventControllerTests    : Started EventControllerTests in 15.453 seconds (JVM running for 19.033)
2019-07-16 06:29:46.324  INFO 14308 --- [    Test worker] t.TimecurveManagerApplication            : Timecurves found with findAll():
2019-07-16 06:29:46.324  INFO 14308 --- [    Test worker] t.TimecurveManagerApplication            : -------------------------------
2019-07-16 06:29:46.356  INFO 14308 --- [    Test worker] t.TimecurveManagerApplication            : TimecurveObject(id=2, tenantId=AAA, name=AAA:CHF:false:pos, clearingReference=CHF, needBalanceApproval=false)
2019-07-16 06:29:46.371  INFO 14308 --- [    Test worker] t.TimecurveManagerApplication            : TimecurveObject(id=5, tenantId=AAA, name=AAA:CHF:true:pos, clearingReference=CHF, needBalanceApproval=true)
2019-07-16 06:29:46.371  INFO 14308 --- [    Test worker] t.TimecurveManagerApplication            : TimecurveObject(id=8, tenantId=AAA, name=AAA:CHF:true:pos, clearingReference=CHF, needBalanceApproval=true)
2019-07-16 06:29:46.452  INFO 14308 --- [    Test worker] t.application.ApprovedBalanceService     : NEW BAL: 1000 NEW TOVER: 1000
2019-07-16 06:29:46.453  INFO 14308 --- [    Test worker] t.application.ApprovedBalanceService     : UPDATE BALANCE: 1000 : 1000
2019-07-16 06:29:46.477  INFO 14308 --- [    Test worker] t.TimecurveManagerApplication            : event id: 10 eventExtId: 1
2019-07-16 06:29:46.493  INFO 14308 --- [    Test worker] t.application.ApprovedBalanceService     : NEW BAL: 1001 NEW TOVER: 1001
2019-07-16 06:29:46.493  INFO 14308 --- [    Test worker] t.application.ApprovedBalanceService     : UPDATE BALANCE: 1001 : 1001
2019-07-16 06:29:46.509  INFO 14308 --- [    Test worker] t.TimecurveManagerApplication            : event id: 14 eventExtId: 2
2019-07-16 06:29:46.540  INFO 14308 --- [    Test worker] t.application.EventService               : LAST EVENT: 2 : 1
2019-07-16 06:29:46.558  INFO 14308 --- [    Test worker] t.application.EventService               : NEW EVENT: 2 : 2
2019-07-16 06:29:46.589  INFO 14308 --- [    Test worker] t.application.ApprovedBalanceService     : NEW BAL: 0.00 NEW TOVER: -1001.00
2019-07-16 06:29:46.589  INFO 14308 --- [    Test worker] t.application.ApprovedBalanceService     : NEW BAL: 1010.00 NEW TOVER: 9.00
2019-07-16 06:29:46.589  INFO 14308 --- [    Test worker] t.application.ApprovedBalanceService     : UPDATE BALANCE: 1010.00 : 9.00
2019-07-16 06:29:46.620  INFO 14308 --- [    Test worker] t.TimecurveManagerApplication            : event id: 21 eventExtId: 2
2019-07-16 06:29:46.620  INFO 14308 --- [    Test worker] t.TimecurveManagerApplication            : Active Profile: test
]]></system-out>
  <system-err><![CDATA[]]></system-err>
</testsuite>
