<?xml version="1.0" encoding="UTF-8"?>
<testsuite name="timecurvemanager.TimecurveObjectControllerTests" tests="1" skipped="0" failures="0" errors="0" timestamp="2019-07-08T04:36:35" hostname="CHRIS-SURFACE" time="0.029">
  <properties/>
  <testcase name="givenNothingGetAllObjects" classname="timecurvemanager.TimecurveObjectControllerTests" time="0.029"/>
  <system-out><![CDATA[2019-07-08 06:36:35.450  INFO 12224 --- [    Test worker] .b.t.c.SpringBootTestContextBootstrapper : Neither @ContextConfiguration nor @ContextHierarchy found for test class [timecurvemanager.TimecurveObjectControllerTests], using SpringBootContextLoader
2019-07-08 06:36:35.454  INFO 12224 --- [    Test worker] o.s.t.c.support.AbstractContextLoader    : Could not detect default resource locations for test class [timecurvemanager.TimecurveObjectControllerTests]: no resource found for suffixes {-context.xml, Context.groovy}.
2019-07-08 06:36:35.455  INFO 12224 --- [    Test worker] t.c.s.AnnotationConfigContextLoaderUtils : Could not detect default configuration classes for test class [timecurvemanager.TimecurveObjectControllerTests]: TimecurveObjectControllerTests does not declare any static, non-private, non-final, nested classes annotated with @Configuration.
2019-07-08 06:36:35.470  INFO 12224 --- [    Test worker] .b.t.c.SpringBootTestContextBootstrapper : Found @SpringBootConfiguration timecurvemanager.TimecurveManagerApplication for test class timecurvemanager.TimecurveObjectControllerTests
2019-07-08 06:36:35.474  INFO 12224 --- [    Test worker] .b.t.c.SpringBootTestContextBootstrapper : Loaded default TestExecutionListener class names from location [META-INF/spring.factories]: [org.springframework.boot.test.autoconfigure.restdocs.RestDocsTestExecutionListener, org.springframework.boot.test.autoconfigure.web.client.MockRestServiceServerResetTestExecutionListener, org.springframework.boot.test.autoconfigure.web.servlet.MockMvcPrintOnlyOnFailureTestExecutionListener, org.springframework.boot.test.autoconfigure.web.servlet.WebDriverTestExecutionListener, org.springframework.boot.test.mock.mockito.MockitoTestExecutionListener, org.springframework.boot.test.mock.mockito.ResetMocksTestExecutionListener, org.springframework.test.context.web.ServletTestExecutionListener, org.springframework.test.context.support.DirtiesContextBeforeModesTestExecutionListener, org.springframework.test.context.support.DependencyInjectionTestExecutionListener, org.springframework.test.context.support.DirtiesContextTestExecutionListener, org.springframework.test.context.transaction.TransactionalTestExecutionListener, org.springframework.test.context.jdbc.SqlScriptsTestExecutionListener]
2019-07-08 06:36:35.475  INFO 12224 --- [    Test worker] .b.t.c.SpringBootTestContextBootstrapper : Using TestExecutionListeners: [org.springframework.test.context.web.ServletTestExecutionListener@3909f234, org.springframework.test.context.support.DirtiesContextBeforeModesTestExecutionListener@59d6f07b, org.springframework.boot.test.mock.mockito.MockitoTestExecutionListener@16ad2683, org.springframework.boot.test.autoconfigure.SpringBootDependencyInjectionTestExecutionListener@cc2021e, org.springframework.test.context.support.DirtiesContextTestExecutionListener@7a2cc9e0, org.springframework.test.context.transaction.TransactionalTestExecutionListener@1417bbf6, org.springframework.test.context.jdbc.SqlScriptsTestExecutionListener@6bf11ec9, org.springframework.boot.test.autoconfigure.restdocs.RestDocsTestExecutionListener@773f335b, org.springframework.boot.test.autoconfigure.web.client.MockRestServiceServerResetTestExecutionListener@6b409795, org.springframework.boot.test.autoconfigure.web.servlet.MockMvcPrintOnlyOnFailureTestExecutionListener@42215900, org.springframework.boot.test.autoconfigure.web.servlet.WebDriverTestExecutionListener@21c510db, org.springframework.boot.test.mock.mockito.ResetMocksTestExecutionListener@2fee5a53]
]]></system-out>
  <system-err><![CDATA[]]></system-err>
</testsuite>
