<?xml version="1.0" encoding="UTF-8"?>
<testsuite name="timecurvemanager.TimecurveControllerTests" tests="1" skipped="0" failures="0" errors="0" timestamp="2019-08-27T20:01:06" hostname="CHRIS-SURFACE" time="0.032">
  <properties/>
  <testcase name="givenNothingGetAllObjects" classname="timecurvemanager.TimecurveControllerTests" time="0.032"/>
  <system-out><![CDATA[2019-08-27 22:01:06.060  INFO 14328 --- [    Test worker] .b.t.c.SpringBootTestContextBootstrapper : Neither @ContextConfiguration nor @ContextHierarchy found for test class [timecurvemanager.TimecurveControllerTests], using SpringBootContextLoader
2019-08-27 22:01:06.062  INFO 14328 --- [    Test worker] o.s.t.c.support.AbstractContextLoader    : Could not detect default resource locations for test class [timecurvemanager.TimecurveControllerTests]: no resource found for suffixes {-context.xml, Context.groovy}.
2019-08-27 22:01:06.063  INFO 14328 --- [    Test worker] t.c.s.AnnotationConfigContextLoaderUtils : Could not detect default configuration classes for test class [timecurvemanager.TimecurveControllerTests]: TimecurveControllerTests does not declare any static, non-private, non-final, nested classes annotated with @Configuration.
2019-08-27 22:01:06.069  INFO 14328 --- [    Test worker] .b.t.c.SpringBootTestContextBootstrapper : Found @SpringBootConfiguration timecurvemanager.TimecurveManagerApplication for test class timecurvemanager.TimecurveControllerTests
2019-08-27 22:01:06.076  INFO 14328 --- [    Test worker] .b.t.c.SpringBootTestContextBootstrapper : Loaded default TestExecutionListener class names from location [META-INF/spring.factories]: [org.springframework.boot.test.autoconfigure.restdocs.RestDocsTestExecutionListener, org.springframework.boot.test.autoconfigure.web.client.MockRestServiceServerResetTestExecutionListener, org.springframework.boot.test.autoconfigure.web.servlet.MockMvcPrintOnlyOnFailureTestExecutionListener, org.springframework.boot.test.autoconfigure.web.servlet.WebDriverTestExecutionListener, org.springframework.boot.test.mock.mockito.MockitoTestExecutionListener, org.springframework.boot.test.mock.mockito.ResetMocksTestExecutionListener, org.springframework.test.context.web.ServletTestExecutionListener, org.springframework.test.context.support.DirtiesContextBeforeModesTestExecutionListener, org.springframework.test.context.support.DependencyInjectionTestExecutionListener, org.springframework.test.context.support.DirtiesContextTestExecutionListener, org.springframework.test.context.transaction.TransactionalTestExecutionListener, org.springframework.test.context.jdbc.SqlScriptsTestExecutionListener]
2019-08-27 22:01:06.076  INFO 14328 --- [    Test worker] .b.t.c.SpringBootTestContextBootstrapper : Using TestExecutionListeners: [org.springframework.test.context.web.ServletTestExecutionListener@3baa08db, org.springframework.test.context.support.DirtiesContextBeforeModesTestExecutionListener@eca5d43, org.springframework.boot.test.mock.mockito.MockitoTestExecutionListener@4f469a8d, org.springframework.boot.test.autoconfigure.SpringBootDependencyInjectionTestExecutionListener@3c13eee, org.springframework.test.context.support.DirtiesContextTestExecutionListener@6846029d, org.springframework.test.context.transaction.TransactionalTestExecutionListener@34ba6a93, org.springframework.test.context.jdbc.SqlScriptsTestExecutionListener@4f531c7b, org.springframework.boot.test.autoconfigure.restdocs.RestDocsTestExecutionListener@456f7d31, org.springframework.boot.test.autoconfigure.web.client.MockRestServiceServerResetTestExecutionListener@1d65ddeb, org.springframework.boot.test.autoconfigure.web.servlet.MockMvcPrintOnlyOnFailureTestExecutionListener@7aecd226, org.springframework.boot.test.autoconfigure.web.servlet.WebDriverTestExecutionListener@2d0bb9c4, org.springframework.boot.test.mock.mockito.ResetMocksTestExecutionListener@1333dfa1]
]]></system-out>
  <system-err><![CDATA[]]></system-err>
</testsuite>
