<?xml version="1.0" encoding="UTF-8"?>
<testsuite name="timecurvemanager.TimecurveObjectControllerTests" tests="1" skipped="0" failures="0" errors="0" timestamp="2019-07-15T04:21:56" hostname="CHRIS-SURFACE" time="0.019">
  <properties/>
  <testcase name="givenNothingGetAllObjects" classname="timecurvemanager.TimecurveObjectControllerTests" time="0.019"/>
  <system-out><![CDATA[2019-07-15 06:21:56.762  INFO 3672 --- [    Test worker] .b.t.c.SpringBootTestContextBootstrapper : Neither @ContextConfiguration nor @ContextHierarchy found for test class [timecurvemanager.TimecurveObjectControllerTests], using SpringBootContextLoader
2019-07-15 06:21:56.762  INFO 3672 --- [    Test worker] o.s.t.c.support.AbstractContextLoader    : Could not detect default resource locations for test class [timecurvemanager.TimecurveObjectControllerTests]: no resource found for suffixes {-context.xml, Context.groovy}.
2019-07-15 06:21:56.762  INFO 3672 --- [    Test worker] t.c.s.AnnotationConfigContextLoaderUtils : Could not detect default configuration classes for test class [timecurvemanager.TimecurveObjectControllerTests]: TimecurveObjectControllerTests does not declare any static, non-private, non-final, nested classes annotated with @Configuration.
2019-07-15 06:21:56.762  INFO 3672 --- [    Test worker] .b.t.c.SpringBootTestContextBootstrapper : Found @SpringBootConfiguration timecurvemanager.TimecurveManagerApplication for test class timecurvemanager.TimecurveObjectControllerTests
2019-07-15 06:21:56.778  INFO 3672 --- [    Test worker] .b.t.c.SpringBootTestContextBootstrapper : Loaded default TestExecutionListener class names from location [META-INF/spring.factories]: [org.springframework.boot.test.autoconfigure.restdocs.RestDocsTestExecutionListener, org.springframework.boot.test.autoconfigure.web.client.MockRestServiceServerResetTestExecutionListener, org.springframework.boot.test.autoconfigure.web.servlet.MockMvcPrintOnlyOnFailureTestExecutionListener, org.springframework.boot.test.autoconfigure.web.servlet.WebDriverTestExecutionListener, org.springframework.boot.test.mock.mockito.MockitoTestExecutionListener, org.springframework.boot.test.mock.mockito.ResetMocksTestExecutionListener, org.springframework.test.context.web.ServletTestExecutionListener, org.springframework.test.context.support.DirtiesContextBeforeModesTestExecutionListener, org.springframework.test.context.support.DependencyInjectionTestExecutionListener, org.springframework.test.context.support.DirtiesContextTestExecutionListener, org.springframework.test.context.transaction.TransactionalTestExecutionListener, org.springframework.test.context.jdbc.SqlScriptsTestExecutionListener]
2019-07-15 06:21:56.778  INFO 3672 --- [    Test worker] .b.t.c.SpringBootTestContextBootstrapper : Using TestExecutionListeners: [org.springframework.test.context.web.ServletTestExecutionListener@289349ab, org.springframework.test.context.support.DirtiesContextBeforeModesTestExecutionListener@1fa832a2, org.springframework.boot.test.mock.mockito.MockitoTestExecutionListener@1e0b0cfd, org.springframework.boot.test.autoconfigure.SpringBootDependencyInjectionTestExecutionListener@52584805, org.springframework.test.context.support.DirtiesContextTestExecutionListener@60348df4, org.springframework.test.context.transaction.TransactionalTestExecutionListener@3ed78e72, org.springframework.test.context.jdbc.SqlScriptsTestExecutionListener@78fd01b1, org.springframework.boot.test.autoconfigure.restdocs.RestDocsTestExecutionListener@687576cb, org.springframework.boot.test.autoconfigure.web.client.MockRestServiceServerResetTestExecutionListener@2c6a1d1c, org.springframework.boot.test.autoconfigure.web.servlet.MockMvcPrintOnlyOnFailureTestExecutionListener@2e4cb2fd, org.springframework.boot.test.autoconfigure.web.servlet.WebDriverTestExecutionListener@3e2cce0c, org.springframework.boot.test.mock.mockito.ResetMocksTestExecutionListener@7dac342c]
]]></system-out>
  <system-err><![CDATA[]]></system-err>
</testsuite>
