<?xml version="1.0" encoding="UTF-8"?>
<testsuite name="timecurvemanager.TimecurveControllerTests" tests="1" skipped="0" failures="0" errors="0" timestamp="2019-09-06T05:07:30" hostname="CHRIS-SURFACE" time="0.019">
  <properties/>
  <testcase name="givenNothingGetAllObjects" classname="timecurvemanager.TimecurveControllerTests" time="0.019"/>
  <system-out><![CDATA[2019-09-06 07:07:30.730  INFO 3344 --- [    Test worker] .b.t.c.SpringBootTestContextBootstrapper : Neither @ContextConfiguration nor @ContextHierarchy found for test class [timecurvemanager.TimecurveControllerTests], using SpringBootContextLoader
2019-09-06 07:07:30.732  INFO 3344 --- [    Test worker] o.s.t.c.support.AbstractContextLoader    : Could not detect default resource locations for test class [timecurvemanager.TimecurveControllerTests]: no resource found for suffixes {-context.xml, Context.groovy}.
2019-09-06 07:07:30.733  INFO 3344 --- [    Test worker] t.c.s.AnnotationConfigContextLoaderUtils : Could not detect default configuration classes for test class [timecurvemanager.TimecurveControllerTests]: TimecurveControllerTests does not declare any static, non-private, non-final, nested classes annotated with @Configuration.
2019-09-06 07:07:30.738  INFO 3344 --- [    Test worker] .b.t.c.SpringBootTestContextBootstrapper : Found @SpringBootConfiguration timecurvemanager.TimecurveManagerApplication for test class timecurvemanager.TimecurveControllerTests
2019-09-06 07:07:30.744  INFO 3344 --- [    Test worker] .b.t.c.SpringBootTestContextBootstrapper : Loaded default TestExecutionListener class names from location [META-INF/spring.factories]: [org.springframework.boot.test.autoconfigure.restdocs.RestDocsTestExecutionListener, org.springframework.boot.test.autoconfigure.web.client.MockRestServiceServerResetTestExecutionListener, org.springframework.boot.test.autoconfigure.web.servlet.MockMvcPrintOnlyOnFailureTestExecutionListener, org.springframework.boot.test.autoconfigure.web.servlet.WebDriverTestExecutionListener, org.springframework.boot.test.mock.mockito.MockitoTestExecutionListener, org.springframework.boot.test.mock.mockito.ResetMocksTestExecutionListener, org.springframework.test.context.web.ServletTestExecutionListener, org.springframework.test.context.support.DirtiesContextBeforeModesTestExecutionListener, org.springframework.test.context.support.DependencyInjectionTestExecutionListener, org.springframework.test.context.support.DirtiesContextTestExecutionListener, org.springframework.test.context.transaction.TransactionalTestExecutionListener, org.springframework.test.context.jdbc.SqlScriptsTestExecutionListener]
2019-09-06 07:07:30.745  INFO 3344 --- [    Test worker] .b.t.c.SpringBootTestContextBootstrapper : Using TestExecutionListeners: [org.springframework.test.context.web.ServletTestExecutionListener@7a35cfab, org.springframework.test.context.support.DirtiesContextBeforeModesTestExecutionListener@458f6aaf, org.springframework.boot.test.mock.mockito.MockitoTestExecutionListener@3f85a045, org.springframework.boot.test.autoconfigure.SpringBootDependencyInjectionTestExecutionListener@134508b4, org.springframework.test.context.support.DirtiesContextTestExecutionListener@47d9c5e0, org.springframework.test.context.transaction.TransactionalTestExecutionListener@793d05a6, org.springframework.test.context.jdbc.SqlScriptsTestExecutionListener@6ba8054c, org.springframework.boot.test.autoconfigure.restdocs.RestDocsTestExecutionListener@5013a025, org.springframework.boot.test.autoconfigure.web.client.MockRestServiceServerResetTestExecutionListener@596c8902, org.springframework.boot.test.autoconfigure.web.servlet.MockMvcPrintOnlyOnFailureTestExecutionListener@48eda7bc, org.springframework.boot.test.autoconfigure.web.servlet.WebDriverTestExecutionListener@63445988, org.springframework.boot.test.mock.mockito.ResetMocksTestExecutionListener@2e1bdf4d]
]]></system-out>
  <system-err><![CDATA[]]></system-err>
</testsuite>
