<?xml version="1.0" encoding="UTF-8"?>
<testsuite name="timecurvemanager.TimecurveObjectIntegrationTests" tests="2" skipped="0" failures="0" errors="0" timestamp="2019-06-24T19:58:46" hostname="CHRIS-SURFACE" time="0.352">
  <properties/>
  <testcase name="givenTimecurvesGetAll" classname="timecurvemanager.TimecurveObjectIntegrationTests" time="0.178"/>
  <testcase name="givenTimecurveFindByNameAndLabel" classname="timecurvemanager.TimecurveObjectIntegrationTests" time="0.172"/>
  <system-out><![CDATA[2019-06-24 21:58:46.541  INFO 2268 --- [    Test worker] .b.t.c.SpringBootTestContextBootstrapper : Neither @ContextConfiguration nor @ContextHierarchy found for test class [timecurvemanager.TimecurveObjectIntegrationTests], using SpringBootContextLoader
2019-06-24 21:58:46.543  INFO 2268 --- [    Test worker] o.s.t.c.support.AbstractContextLoader    : Could not detect default resource locations for test class [timecurvemanager.TimecurveObjectIntegrationTests]: no resource found for suffixes {-context.xml, Context.groovy}.
2019-06-24 21:58:46.544  INFO 2268 --- [    Test worker] t.c.s.AnnotationConfigContextLoaderUtils : Could not detect default configuration classes for test class [timecurvemanager.TimecurveObjectIntegrationTests]: TimecurveObjectIntegrationTests does not declare any static, non-private, non-final, nested classes annotated with @Configuration.
2019-06-24 21:58:46.554  INFO 2268 --- [    Test worker] .b.t.c.SpringBootTestContextBootstrapper : Found @SpringBootConfiguration timecurvemanager.TimecurveManagerApplication for test class timecurvemanager.TimecurveObjectIntegrationTests
2019-06-24 21:58:46.559  INFO 2268 --- [    Test worker] .b.t.c.SpringBootTestContextBootstrapper : Loaded default TestExecutionListener class names from location [META-INF/spring.factories]: [org.springframework.boot.test.autoconfigure.restdocs.RestDocsTestExecutionListener, org.springframework.boot.test.autoconfigure.web.client.MockRestServiceServerResetTestExecutionListener, org.springframework.boot.test.autoconfigure.web.servlet.MockMvcPrintOnlyOnFailureTestExecutionListener, org.springframework.boot.test.autoconfigure.web.servlet.WebDriverTestExecutionListener, org.springframework.boot.test.mock.mockito.MockitoTestExecutionListener, org.springframework.boot.test.mock.mockito.ResetMocksTestExecutionListener, org.springframework.test.context.web.ServletTestExecutionListener, org.springframework.test.context.support.DirtiesContextBeforeModesTestExecutionListener, org.springframework.test.context.support.DependencyInjectionTestExecutionListener, org.springframework.test.context.support.DirtiesContextTestExecutionListener, org.springframework.test.context.transaction.TransactionalTestExecutionListener, org.springframework.test.context.jdbc.SqlScriptsTestExecutionListener]
2019-06-24 21:58:46.561  INFO 2268 --- [    Test worker] .b.t.c.SpringBootTestContextBootstrapper : Using TestExecutionListeners: [org.springframework.test.context.web.ServletTestExecutionListener@3927225c, org.springframework.test.context.support.DirtiesContextBeforeModesTestExecutionListener@52eada06, org.springframework.boot.test.mock.mockito.MockitoTestExecutionListener@163b060b, org.springframework.boot.test.autoconfigure.SpringBootDependencyInjectionTestExecutionListener@178175a, org.springframework.test.context.support.DirtiesContextTestExecutionListener@1cde0eb, org.springframework.test.context.transaction.TransactionalTestExecutionListener@573203e, org.springframework.test.context.jdbc.SqlScriptsTestExecutionListener@4b3675c5, org.springframework.boot.test.autoconfigure.restdocs.RestDocsTestExecutionListener@a35793e, org.springframework.boot.test.autoconfigure.web.client.MockRestServiceServerResetTestExecutionListener@64111a2b, org.springframework.boot.test.autoconfigure.web.servlet.MockMvcPrintOnlyOnFailureTestExecutionListener@78ffb447, org.springframework.boot.test.autoconfigure.web.servlet.WebDriverTestExecutionListener@9f6ec0, org.springframework.boot.test.mock.mockito.ResetMocksTestExecutionListener@21421b64]
]]></system-out>
  <system-err><![CDATA[]]></system-err>
</testsuite>
