<?xml version="1.0" encoding="UTF-8"?>
<testsuite name="timecurvemanager.TimecurveIntegrationTests" tests="2" skipped="0" failures="0" errors="0" timestamp="2019-08-27T20:01:06" hostname="CHRIS-SURFACE" time="0.379">
  <properties/>
  <testcase name="givenTimecurvesGetAll" classname="timecurvemanager.TimecurveIntegrationTests" time="0.172"/>
  <testcase name="givenTimecurveFindByNameAndLabel" classname="timecurvemanager.TimecurveIntegrationTests" time="0.203"/>
  <system-out><![CDATA[2019-08-27 22:01:06.215  INFO 14328 --- [    Test worker] .b.t.c.SpringBootTestContextBootstrapper : Neither @ContextConfiguration nor @ContextHierarchy found for test class [timecurvemanager.TimecurveIntegrationTests], using SpringBootContextLoader
2019-08-27 22:01:06.218  INFO 14328 --- [    Test worker] o.s.t.c.support.AbstractContextLoader    : Could not detect default resource locations for test class [timecurvemanager.TimecurveIntegrationTests]: no resource found for suffixes {-context.xml, Context.groovy}.
2019-08-27 22:01:06.219  INFO 14328 --- [    Test worker] t.c.s.AnnotationConfigContextLoaderUtils : Could not detect default configuration classes for test class [timecurvemanager.TimecurveIntegrationTests]: TimecurveIntegrationTests does not declare any static, non-private, non-final, nested classes annotated with @Configuration.
2019-08-27 22:01:06.225  INFO 14328 --- [    Test worker] .b.t.c.SpringBootTestContextBootstrapper : Found @SpringBootConfiguration timecurvemanager.TimecurveManagerApplication for test class timecurvemanager.TimecurveIntegrationTests
2019-08-27 22:01:06.227  INFO 14328 --- [    Test worker] .b.t.c.SpringBootTestContextBootstrapper : Loaded default TestExecutionListener class names from location [META-INF/spring.factories]: [org.springframework.boot.test.autoconfigure.restdocs.RestDocsTestExecutionListener, org.springframework.boot.test.autoconfigure.web.client.MockRestServiceServerResetTestExecutionListener, org.springframework.boot.test.autoconfigure.web.servlet.MockMvcPrintOnlyOnFailureTestExecutionListener, org.springframework.boot.test.autoconfigure.web.servlet.WebDriverTestExecutionListener, org.springframework.boot.test.mock.mockito.MockitoTestExecutionListener, org.springframework.boot.test.mock.mockito.ResetMocksTestExecutionListener, org.springframework.test.context.web.ServletTestExecutionListener, org.springframework.test.context.support.DirtiesContextBeforeModesTestExecutionListener, org.springframework.test.context.support.DependencyInjectionTestExecutionListener, org.springframework.test.context.support.DirtiesContextTestExecutionListener, org.springframework.test.context.transaction.TransactionalTestExecutionListener, org.springframework.test.context.jdbc.SqlScriptsTestExecutionListener]
2019-08-27 22:01:06.228  INFO 14328 --- [    Test worker] .b.t.c.SpringBootTestContextBootstrapper : Using TestExecutionListeners: [org.springframework.test.context.web.ServletTestExecutionListener@3ea90e69, org.springframework.test.context.support.DirtiesContextBeforeModesTestExecutionListener@44479d88, org.springframework.boot.test.mock.mockito.MockitoTestExecutionListener@47109b22, org.springframework.boot.test.autoconfigure.SpringBootDependencyInjectionTestExecutionListener@58682b8f, org.springframework.test.context.support.DirtiesContextTestExecutionListener@2ec4acad, org.springframework.test.context.transaction.TransactionalTestExecutionListener@5697cf20, org.springframework.test.context.jdbc.SqlScriptsTestExecutionListener@159d875b, org.springframework.boot.test.autoconfigure.restdocs.RestDocsTestExecutionListener@c30f234, org.springframework.boot.test.autoconfigure.web.client.MockRestServiceServerResetTestExecutionListener@71a96db, org.springframework.boot.test.autoconfigure.web.servlet.MockMvcPrintOnlyOnFailureTestExecutionListener@6f1ca7d7, org.springframework.boot.test.autoconfigure.web.servlet.WebDriverTestExecutionListener@16c25230, org.springframework.boot.test.mock.mockito.ResetMocksTestExecutionListener@1de8a38e]
]]></system-out>
  <system-err><![CDATA[]]></system-err>
</testsuite>
