<?xml version="1.0" encoding="UTF-8"?>
<testsuite name="timecurvemanager.EventItemEntityTests" tests="2" skipped="0" failures="0" errors="0" timestamp="2019-05-25T08:36:54" hostname="CHRIS-SURFACE" time="0.003">
  <properties/>
  <testcase name="shouldInsertEventItemEntity" classname="timecurvemanager.EventItemEntityTests" time="0.001"/>
  <testcase name="shouldFindEventItemEntityList" classname="timecurvemanager.EventItemEntityTests" time="0.001"/>
  <system-out><![CDATA[]]></system-out>
  <system-err><![CDATA[]]></system-err>
</testsuite>
