<?xml version="1.0" encoding="UTF-8"?>
<testsuite name="timecurvemanager.TimecurveControllerTests" tests="1" skipped="0" failures="0" errors="0" timestamp="2019-07-25T11:31:06" hostname="CHRIS-SURFACE" time="0.041">
  <properties/>
  <testcase name="givenNothingGetAllObjects" classname="timecurvemanager.TimecurveControllerTests" time="0.041"/>
  <system-out><![CDATA[2019-07-25 13:31:06.259  INFO 11792 --- [    Test worker] .b.t.c.SpringBootTestContextBootstrapper : Neither @ContextConfiguration nor @ContextHierarchy found for test class [timecurvemanager.TimecurveControllerTests], using SpringBootContextLoader
2019-07-25 13:31:06.268  INFO 11792 --- [    Test worker] o.s.t.c.support.AbstractContextLoader    : Could not detect default resource locations for test class [timecurvemanager.TimecurveControllerTests]: no resource found for suffixes {-context.xml, Context.groovy}.
2019-07-25 13:31:06.278  INFO 11792 --- [    Test worker] t.c.s.AnnotationConfigContextLoaderUtils : Could not detect default configuration classes for test class [timecurvemanager.TimecurveControllerTests]: TimecurveControllerTests does not declare any static, non-private, non-final, nested classes annotated with @Configuration.
2019-07-25 13:31:06.291  INFO 11792 --- [    Test worker] .b.t.c.SpringBootTestContextBootstrapper : Found @SpringBootConfiguration timecurvemanager.TimecurveManagerApplication for test class timecurvemanager.TimecurveControllerTests
2019-07-25 13:31:06.299  INFO 11792 --- [    Test worker] .b.t.c.SpringBootTestContextBootstrapper : Loaded default TestExecutionListener class names from location [META-INF/spring.factories]: [org.springframework.boot.test.autoconfigure.restdocs.RestDocsTestExecutionListener, org.springframework.boot.test.autoconfigure.web.client.MockRestServiceServerResetTestExecutionListener, org.springframework.boot.test.autoconfigure.web.servlet.MockMvcPrintOnlyOnFailureTestExecutionListener, org.springframework.boot.test.autoconfigure.web.servlet.WebDriverTestExecutionListener, org.springframework.boot.test.mock.mockito.MockitoTestExecutionListener, org.springframework.boot.test.mock.mockito.ResetMocksTestExecutionListener, org.springframework.test.context.web.ServletTestExecutionListener, org.springframework.test.context.support.DirtiesContextBeforeModesTestExecutionListener, org.springframework.test.context.support.DependencyInjectionTestExecutionListener, org.springframework.test.context.support.DirtiesContextTestExecutionListener, org.springframework.test.context.transaction.TransactionalTestExecutionListener, org.springframework.test.context.jdbc.SqlScriptsTestExecutionListener]
2019-07-25 13:31:06.300  INFO 11792 --- [    Test worker] .b.t.c.SpringBootTestContextBootstrapper : Using TestExecutionListeners: [org.springframework.test.context.web.ServletTestExecutionListener@72ca94a6, org.springframework.test.context.support.DirtiesContextBeforeModesTestExecutionListener@3f60de42, org.springframework.boot.test.mock.mockito.MockitoTestExecutionListener@5af2879a, org.springframework.boot.test.autoconfigure.SpringBootDependencyInjectionTestExecutionListener@6773f0f, org.springframework.test.context.support.DirtiesContextTestExecutionListener@20bef4c3, org.springframework.test.context.transaction.TransactionalTestExecutionListener@1915bc58, org.springframework.test.context.jdbc.SqlScriptsTestExecutionListener@579536b7, org.springframework.boot.test.autoconfigure.restdocs.RestDocsTestExecutionListener@68a5e40d, org.springframework.boot.test.autoconfigure.web.client.MockRestServiceServerResetTestExecutionListener@3fea1d36, org.springframework.boot.test.autoconfigure.web.servlet.MockMvcPrintOnlyOnFailureTestExecutionListener@b2991ef, org.springframework.boot.test.autoconfigure.web.servlet.WebDriverTestExecutionListener@75773eb3, org.springframework.boot.test.mock.mockito.ResetMocksTestExecutionListener@32b5399c]
]]></system-out>
  <system-err><![CDATA[]]></system-err>
</testsuite>
