<?xml version="1.0" encoding="UTF-8"?>
<testsuite name="timecurvemanager.BookingEntitryTests" tests="2" skipped="0" failures="0" errors="0" timestamp="2019-09-06T05:07:30" hostname="CHRIS-SURFACE" time="0.012">
  <properties/>
  <testcase name="shouldFindBookingEntityList" classname="timecurvemanager.BookingEntitryTests" time="0.005"/>
  <testcase name="shouldInsertBookingEntity" classname="timecurvemanager.BookingEntitryTests" time="0.006"/>
  <system-out><![CDATA[]]></system-out>
  <system-err><![CDATA[]]></system-err>
</testsuite>
