<?xml version="1.0" encoding="UTF-8"?>
<testsuite name="timecurvemanager.EventItemEntityTests" tests="2" skipped="0" failures="0" errors="0" timestamp="2019-06-13T04:19:39" hostname="CHRIS-SURFACE" time="0.002">
  <properties/>
  <testcase name="shouldInsertEventItemEntity" classname="timecurvemanager.EventItemEntityTests" time="0.0"/>
  <testcase name="shouldFindEventItemEntityList" classname="timecurvemanager.EventItemEntityTests" time="0.001"/>
  <system-out><![CDATA[]]></system-out>
  <system-err><![CDATA[]]></system-err>
</testsuite>
