<?xml version="1.0" encoding="UTF-8"?>
<testsuite name="timecurvemanager.TimecurveObjectEntityTests" tests="2" skipped="0" failures="0" errors="0" timestamp="2019-07-15T04:21:56" hostname="CHRIS-SURFACE" time="0.001">
  <properties/>
  <testcase name="shouldFindTimecurveEntity" classname="timecurvemanager.TimecurveObjectEntityTests" time="0.0"/>
  <testcase name="shouldInsertTimecurveEntity" classname="timecurvemanager.TimecurveObjectEntityTests" time="0.0"/>
  <system-out><![CDATA[]]></system-out>
  <system-err><![CDATA[]]></system-err>
</testsuite>
